{"C:\\Users\\jonat\\Desktop\\WAD2\\WAD2_posscw_2526---Start\\index.js": {"path":"C:\\Users\\jonat\\Desktop\\WAD2\\WAD2_posscw_2526---Start\\index.js","statementMap":{"0":{"start":{"line":85,"column":19},"end":{"line":85,"column":49}},"1":{"start":{"line":86,"column":18},"end":{"line":86,"column":42}},"2":{"start":{"line":88,"column":19},"end":{"line":88,"column":28}},"3":{"start":{"line":91,"column":0},"end":{"line":94,"column":2}},"4":{"start":{"line":95,"column":0},"end":{"line":95,"column":35}},"5":{"start":{"line":96,"column":0},"end":{"line":96,"column":48}},"6":{"start":{"line":99,"column":0},"end":{"line":99,"column":49}},"7":{"start":{"line":100,"column":0},"end":{"line":100,"column":24}},"8":{"start":{"line":101,"column":0},"end":{"line":101,"column":24}},"9":{"start":{"line":104,"column":0},"end":{"line":104,"column":67}},"10":{"start":{"line":105,"column":0},"end":{"line":105,"column":89}},"11":{"start":{"line":106,"column":0},"end":{"line":106,"column":87}},"12":{"start":{"line":109,"column":0},"end":{"line":122,"column":3}},"13":{"start":{"line":110,"column":18},"end":{"line":110,"column":34}},"14":{"start":{"line":111,"column":4},"end":{"line":120,"column":5}},"15":{"start":{"line":112,"column":8},"end":{"line":119,"column":9}},"16":{"start":{"line":113,"column":28},"end":{"line":113,"column":78}},"17":{"start":{"line":114,"column":12},"end":{"line":114,"column":63}},"18":{"start":{"line":115,"column":12},"end":{"line":115,"column":38}},"19":{"start":{"line":116,"column":12},"end":{"line":116,"column":31}},"20":{"start":{"line":118,"column":12},"end":{"line":118,"column":35}},"21":{"start":{"line":121,"column":4},"end":{"line":121,"column":11}},"22":{"start":{"line":125,"column":0},"end":{"line":125,"column":57}},"23":{"start":{"line":125,"column":33},"end":{"line":125,"column":55}},"24":{"start":{"line":128,"column":0},"end":{"line":128,"column":25}},"25":{"start":{"line":129,"column":0},"end":{"line":129,"column":39}},"26":{"start":{"line":130,"column":0},"end":{"line":130,"column":38}},"27":{"start":{"line":131,"column":0},"end":{"line":131,"column":40}},"28":{"start":{"line":132,"column":0},"end":{"line":132,"column":40}},"29":{"start":{"line":133,"column":0},"end":{"line":133,"column":25}},"30":{"start":{"line":136,"column":0},"end":{"line":138,"column":3}},"31":{"start":{"line":137,"column":4},"end":{"line":137,"column":62}},"32":{"start":{"line":141,"column":0},"end":{"line":144,"column":3}},"33":{"start":{"line":142,"column":4},"end":{"line":142,"column":23}},"34":{"start":{"line":143,"column":4},"end":{"line":143,"column":70}},"35":{"start":{"line":147,"column":0},"end":{"line":153,"column":1}},"36":{"start":{"line":148,"column":4},"end":{"line":148,"column":19}},"37":{"start":{"line":149,"column":17},"end":{"line":149,"column":41}},"38":{"start":{"line":150,"column":4},"end":{"line":152,"column":6}},"39":{"start":{"line":151,"column":8},"end":{"line":151,"column":71}}},"fnMap":{"0":{"name":"(anonymous_0)","decl":{"start":{"line":109,"column":8},"end":{"line":109,"column":9}},"loc":{"start":{"line":109,"column":28},"end":{"line":122,"column":1}},"line":109},"1":{"name":"(anonymous_1)","decl":{"start":{"line":125,"column":19},"end":{"line":125,"column":20}},"loc":{"start":{"line":125,"column":33},"end":{"line":125,"column":55}},"line":125},"2":{"name":"(anonymous_2)","decl":{"start":{"line":136,"column":8},"end":{"line":136,"column":9}},"loc":{"start":{"line":136,"column":22},"end":{"line":138,"column":1}},"line":136},"3":{"name":"(anonymous_3)","decl":{"start":{"line":141,"column":8},"end":{"line":141,"column":9}},"loc":{"start":{"line":141,"column":33},"end":{"line":144,"column":1}},"line":141},"4":{"name":"(anonymous_4)","decl":{"start":{"line":150,"column":21},"end":{"line":150,"column":22}},"loc":{"start":{"line":151,"column":8},"end":{"line":151,"column":71}},"line":151}},"branchMap":{"0":{"loc":{"start":{"line":111,"column":4},"end":{"line":120,"column":5}},"type":"if","locations":[{"start":{"line":111,"column":4},"end":{"line":120,"column":5}},{"start":{},"end":{}}],"line":111},"1":{"loc":{"start":{"line":147,"column":0},"end":{"line":153,"column":1}},"type":"if","locations":[{"start":{"line":147,"column":0},"end":{"line":153,"column":1}},{"start":{},"end":{}}],"line":147},"2":{"loc":{"start":{"line":149,"column":17},"end":{"line":149,"column":41}},"type":"binary-expr","locations":[{"start":{"line":149,"column":17},"end":{"line":149,"column":33}},{"start":{"line":149,"column":37},"end":{"line":149,"column":41}}],"line":149}},"s":{"0":4,"1":4,"2":4,"3":4,"4":4,"5":4,"6":4,"7":4,"8":4,"9":4,"10":4,"11":4,"12":4,"13":16,"14":16,"15":0,"16":0,"17":0,"18":0,"19":0,"20":0,"21":16,"22":4,"23":1,"24":4,"25":4,"26":4,"27":4,"28":4,"29":4,"30":4,"31":2,"32":4,"33":0,"34":0,"35":4,"36":0,"37":0,"38":0,"39":0},"f":{"0":16,"1":1,"2":2,"3":0,"4":0},"b":{"0":[0,16],"1":[0,4],"2":[0,0]},"inputSourceMap":null,"_coverageSchema":"1a1c01bbd47fc00a2c39e90264f33305004495a9","hash":"5c92bd14f893a2a466ee7235db0cdfb31cdb11df"}
,"C:\\Users\\jonat\\Desktop\\WAD2\\WAD2_posscw_2526---Start\\loadEnv.js": {"path":"C:\\Users\\jonat\\Desktop\\WAD2\\WAD2_posscw_2526---Start\\loadEnv.js","statementMap":{"0":{"start":{"line":4,"column":0},"end":{"line":4,"column":16}},"1":{"start":{"line":6,"column":21},"end":{"line":6,"column":52}},"2":{"start":{"line":7,"column":20},"end":{"line":7,"column":67}},"3":{"start":{"line":7,"column":49},"end":{"line":7,"column":66}},"4":{"start":{"line":9,"column":0},"end":{"line":12,"column":1}},"5":{"start":{"line":10,"column":4},"end":{"line":10,"column":87}},"6":{"start":{"line":11,"column":4},"end":{"line":11,"column":20}},"7":{"start":{"line":14,"column":0},"end":{"line":14,"column":82}}},"fnMap":{"0":{"name":"(anonymous_0)","decl":{"start":{"line":7,"column":40},"end":{"line":7,"column":41}},"loc":{"start":{"line":7,"column":49},"end":{"line":7,"column":66}},"line":7}},"branchMap":{"0":{"loc":{"start":{"line":9,"column":0},"end":{"line":12,"column":1}},"type":"if","locations":[{"start":{"line":9,"column":0},"end":{"line":12,"column":1}},{"start":{},"end":{}}],"line":9},"1":{"loc":{"start":{"line":14,"column":41},"end":{"line":14,"column":78}},"type":"binary-expr","locations":[{"start":{"line":14,"column":41},"end":{"line":14,"column":61}},{"start":{"line":14,"column":65},"end":{"line":14,"column":78}}],"line":14}},"s":{"0":4,"1":4,"2":4,"3":8,"4":4,"5":0,"6":0,"7":4},"f":{"0":8},"b":{"0":[0,4],"1":[4,0]},"inputSourceMap":null,"_coverageSchema":"1a1c01bbd47fc00a2c39e90264f33305004495a9","hash":"f2e6caf1dceaa25f109240715cfe1bd978be2b76"}
,"C:\\Users\\jonat\\Desktop\\WAD2\\WAD2_posscw_2526---Start\\auth\\auth.js": {"path":"C:\\Users\\jonat\\Desktop\\WAD2\\WAD2_posscw_2526---Start\\auth\\auth.js","statementMap":{"0":{"start":{"line":7,"column":21},"end":{"line":58,"column":1}},"1":{"start":{"line":8,"column":4},"end":{"line":57,"column":5}},"2":{"start":{"line":9,"column":22},"end":{"line":9,"column":37}},"3":{"start":{"line":10,"column":25},"end":{"line":10,"column":43}},"4":{"start":{"line":12,"column":8},"end":{"line":14,"column":9}},"5":{"start":{"line":13,"column":12},"end":{"line":13,"column":121}},"6":{"start":{"line":16,"column":21},"end":{"line":16,"column":55}},"7":{"start":{"line":18,"column":8},"end":{"line":21,"column":9}},"8":{"start":{"line":19,"column":12},"end":{"line":19,"column":52}},"9":{"start":{"line":20,"column":12},"end":{"line":20,"column":110}},"10":{"start":{"line":23,"column":8},"end":{"line":26,"column":9}},"11":{"start":{"line":24,"column":12},"end":{"line":24,"column":63}},"12":{"start":{"line":25,"column":12},"end":{"line":25,"column":65}},"13":{"start":{"line":28,"column":24},"end":{"line":28,"column":69}},"14":{"start":{"line":30,"column":8},"end":{"line":32,"column":9}},"15":{"start":{"line":31,"column":12},"end":{"line":31,"column":103}},"16":{"start":{"line":34,"column":23},"end":{"line":34,"column":54}},"17":{"start":{"line":36,"column":8},"end":{"line":39,"column":9}},"18":{"start":{"line":37,"column":12},"end":{"line":37,"column":60}},"19":{"start":{"line":38,"column":12},"end":{"line":38,"column":67}},"20":{"start":{"line":42,"column":24},"end":{"line":42,"column":94}},"21":{"start":{"line":43,"column":28},"end":{"line":43,"column":73}},"22":{"start":{"line":45,"column":8},"end":{"line":50,"column":11}},"23":{"start":{"line":52,"column":8},"end":{"line":52,"column":22}},"24":{"start":{"line":55,"column":8},"end":{"line":55,"column":43}},"25":{"start":{"line":56,"column":8},"end":{"line":56,"column":61}},"26":{"start":{"line":61,"column":22},"end":{"line":75,"column":1}},"27":{"start":{"line":62,"column":24},"end":{"line":62,"column":40}},"28":{"start":{"line":64,"column":4},"end":{"line":66,"column":5}},"29":{"start":{"line":65,"column":8},"end":{"line":65,"column":38}},"30":{"start":{"line":68,"column":4},"end":{"line":74,"column":5}},"31":{"start":{"line":69,"column":24},"end":{"line":69,"column":80}},"32":{"start":{"line":70,"column":8},"end":{"line":70,"column":27}},"33":{"start":{"line":71,"column":8},"end":{"line":71,"column":22}},"34":{"start":{"line":73,"column":8},"end":{"line":73,"column":38}},"35":{"start":{"line":78,"column":32},"end":{"line":83,"column":1}},"36":{"start":{"line":79,"column":4},"end":{"line":81,"column":5}},"37":{"start":{"line":80,"column":8},"end":{"line":80,"column":110}},"38":{"start":{"line":82,"column":4},"end":{"line":82,"column":18}}},"fnMap":{"0":{"name":"(anonymous_0)","decl":{"start":{"line":7,"column":21},"end":{"line":7,"column":22}},"loc":{"start":{"line":7,"column":47},"end":{"line":58,"column":1}},"line":7},"1":{"name":"(anonymous_1)","decl":{"start":{"line":61,"column":22},"end":{"line":61,"column":23}},"loc":{"start":{"line":61,"column":42},"end":{"line":75,"column":1}},"line":61},"2":{"name":"(anonymous_2)","decl":{"start":{"line":78,"column":32},"end":{"line":78,"column":33}},"loc":{"start":{"line":78,"column":52},"end":{"line":83,"column":1}},"line":78}},"branchMap":{"0":{"loc":{"start":{"line":12,"column":8},"end":{"line":14,"column":9}},"type":"if","locations":[{"start":{"line":12,"column":8},"end":{"line":14,"column":9}},{"start":{},"end":{}}],"line":12},"1":{"loc":{"start":{"line":12,"column":12},"end":{"line":12,"column":31}},"type":"binary-expr","locations":[{"start":{"line":12,"column":12},"end":{"line":12,"column":18}},{"start":{"line":12,"column":22},"end":{"line":12,"column":31}}],"line":12},"2":{"loc":{"start":{"line":18,"column":8},"end":{"line":21,"column":9}},"type":"if","locations":[{"start":{"line":18,"column":8},"end":{"line":21,"column":9}},{"start":{},"end":{}}],"line":18},"3":{"loc":{"start":{"line":23,"column":8},"end":{"line":26,"column":9}},"type":"if","locations":[{"start":{"line":23,"column":8},"end":{"line":26,"column":9}},{"start":{},"end":{}}],"line":23},"4":{"loc":{"start":{"line":23,"column":12},"end":{"line":23,"column":63}},"type":"binary-expr","locations":[{"start":{"line":23,"column":12},"end":{"line":23,"column":26}},{"start":{"line":23,"column":30},"end":{"line":23,"column":63}}],"line":23},"5":{"loc":{"start":{"line":30,"column":8},"end":{"line":32,"column":9}},"type":"if","locations":[{"start":{"line":30,"column":8},"end":{"line":32,"column":9}},{"start":{},"end":{}}],"line":30},"6":{"loc":{"start":{"line":36,"column":8},"end":{"line":39,"column":9}},"type":"if","locations":[{"start":{"line":36,"column":8},"end":{"line":39,"column":9}},{"start":{},"end":{}}],"line":36},"7":{"loc":{"start":{"line":64,"column":4},"end":{"line":66,"column":5}},"type":"if","locations":[{"start":{"line":64,"column":4},"end":{"line":66,"column":5}},{"start":{},"end":{}}],"line":64},"8":{"loc":{"start":{"line":79,"column":4},"end":{"line":81,"column":5}},"type":"if","locations":[{"start":{"line":79,"column":4},"end":{"line":81,"column":5}},{"start":{},"end":{}}],"line":79},"9":{"loc":{"start":{"line":79,"column":8},"end":{"line":79,"column":50}},"type":"binary-expr","locations":[{"start":{"line":79,"column":8},"end":{"line":79,"column":17}},{"start":{"line":79,"column":21},"end":{"line":79,"column":50}}],"line":79}},"s":{"0":4,"1":0,"2":0,"3":0,"4":0,"5":0,"6":0,"7":0,"8":0,"9":0,"10":0,"11":0,"12":0,"13":0,"14":0,"15":0,"16":0,"17":0,"18":0,"19":0,"20":0,"21":0,"22":0,"23":0,"24":0,"25":0,"26":4,"27":0,"28":0,"29":0,"30":0,"31":0,"32":0,"33":0,"34":0,"35":4,"36":0,"37":0,"38":0},"f":{"0":0,"1":0,"2":0},"b":{"0":[0,0],"1":[0,0],"2":[0,0],"3":[0,0],"4":[0,0],"5":[0,0],"6":[0,0],"7":[0,0],"8":[0,0],"9":[0,0]},"inputSourceMap":null,"_coverageSchema":"1a1c01bbd47fc00a2c39e90264f33305004495a9","hash":"fa27ad71d5a376597b09cd239b0c4b2873a7bf98"}
,"C:\\Users\\jonat\\Desktop\\WAD2\\WAD2_posscw_2526---Start\\controllers\\bookingController.js": {"path":"C:\\Users\\jonat\\Desktop\\WAD2\\WAD2_posscw_2526---Start\\controllers\\bookingController.js","statementMap":{"0":{"start":{"line":9,"column":26},"end":{"line":18,"column":1}},"1":{"start":{"line":10,"column":2},"end":{"line":17,"column":3}},"2":{"start":{"line":11,"column":33},"end":{"line":11,"column":41}},"3":{"start":{"line":12,"column":20},"end":{"line":12,"column":61}},"4":{"start":{"line":13,"column":4},"end":{"line":13,"column":38}},"5":{"start":{"line":15,"column":4},"end":{"line":15,"column":23}},"6":{"start":{"line":16,"column":4},"end":{"line":16,"column":49}},"7":{"start":{"line":20,"column":27},"end":{"line":31,"column":1}},"8":{"start":{"line":21,"column":2},"end":{"line":30,"column":3}},"9":{"start":{"line":22,"column":34},"end":{"line":22,"column":42}},"10":{"start":{"line":23,"column":20},"end":{"line":23,"column":63}},"11":{"start":{"line":24,"column":4},"end":{"line":24,"column":38}},"12":{"start":{"line":26,"column":4},"end":{"line":26,"column":23}},"13":{"start":{"line":27,"column":4},"end":{"line":29,"column":36}},"14":{"start":{"line":33,"column":29},"end":{"line":51,"column":1}},"15":{"start":{"line":34,"column":2},"end":{"line":50,"column":3}},"16":{"start":{"line":35,"column":26},"end":{"line":35,"column":36}},"17":{"start":{"line":36,"column":20},"end":{"line":36,"column":58}},"18":{"start":{"line":37,"column":4},"end":{"line":37,"column":78}},"19":{"start":{"line":37,"column":18},"end":{"line":37,"column":78}},"20":{"start":{"line":38,"column":4},"end":{"line":38,"column":69}},"21":{"start":{"line":38,"column":40},"end":{"line":38,"column":69}},"22":{"start":{"line":40,"column":4},"end":{"line":44,"column":5}},"23":{"start":{"line":41,"column":6},"end":{"line":43,"column":7}},"24":{"start":{"line":42,"column":8},"end":{"line":42,"column":57}},"25":{"start":{"line":45,"column":20},"end":{"line":45,"column":56}},"26":{"start":{"line":46,"column":4},"end":{"line":46,"column":35}},"27":{"start":{"line":48,"column":4},"end":{"line":48,"column":23}},"28":{"start":{"line":49,"column":4},"end":{"line":49,"column":64}}},"fnMap":{"0":{"name":"(anonymous_0)","decl":{"start":{"line":9,"column":26},"end":{"line":9,"column":27}},"loc":{"start":{"line":9,"column":46},"end":{"line":18,"column":1}},"line":9},"1":{"name":"(anonymous_1)","decl":{"start":{"line":20,"column":27},"end":{"line":20,"column":28}},"loc":{"start":{"line":20,"column":47},"end":{"line":31,"column":1}},"line":20},"2":{"name":"(anonymous_2)","decl":{"start":{"line":33,"column":29},"end":{"line":33,"column":30}},"loc":{"start":{"line":33,"column":49},"end":{"line":51,"column":1}},"line":33}},"branchMap":{"0":{"loc":{"start":{"line":28,"column":14},"end":{"line":28,"column":59}},"type":"cond-expr","locations":[{"start":{"line":28,"column":50},"end":{"line":28,"column":53}},{"start":{"line":28,"column":56},"end":{"line":28,"column":59}}],"line":28},"1":{"loc":{"start":{"line":37,"column":4},"end":{"line":37,"column":78}},"type":"if","locations":[{"start":{"line":37,"column":4},"end":{"line":37,"column":78}},{"start":{},"end":{}}],"line":37},"2":{"loc":{"start":{"line":38,"column":4},"end":{"line":38,"column":69}},"type":"if","locations":[{"start":{"line":38,"column":4},"end":{"line":38,"column":69}},{"start":{},"end":{}}],"line":38},"3":{"loc":{"start":{"line":40,"column":4},"end":{"line":44,"column":5}},"type":"if","locations":[{"start":{"line":40,"column":4},"end":{"line":44,"column":5}},{"start":{},"end":{}}],"line":40}},"s":{"0":4,"1":1,"2":1,"3":1,"4":1,"5":0,"6":0,"7":4,"8":2,"9":2,"10":2,"11":2,"12":0,"13":0,"14":4,"15":1,"16":1,"17":1,"18":1,"19":0,"20":1,"21":0,"22":1,"23":1,"24":1,"25":1,"26":1,"27":0,"28":0},"f":{"0":1,"1":2,"2":1},"b":{"0":[0,0],"1":[0,1],"2":[0,1],"3":[1,0]},"inputSourceMap":null,"_coverageSchema":"1a1c01bbd47fc00a2c39e90264f33305004495a9","hash":"4aec772d2b8355de5de032b0dee690a8ab444e3a"}
,"C:\\Users\\jonat\\Desktop\\WAD2\\WAD2_posscw_2526---Start\\controllers\\coursesListController.js": {"path":"C:\\Users\\jonat\\Desktop\\WAD2\\WAD2_posscw_2526---Start\\controllers\\coursesListController.js","statementMap":{"0":{"start":{"line":5,"column":20},"end":{"line":12,"column":8}},"1":{"start":{"line":6,"column":2},"end":{"line":12,"column":8}},"2":{"start":{"line":14,"column":20},"end":{"line":24,"column":11}},"3":{"start":{"line":15,"column":2},"end":{"line":24,"column":11}},"4":{"start":{"line":26,"column":31},"end":{"line":118,"column":1}},"5":{"start":{"line":27,"column":2},"end":{"line":117,"column":3}},"6":{"start":{"line":35,"column":8},"end":{"line":35,"column":17}},"7":{"start":{"line":37,"column":19},"end":{"line":37,"column":21}},"8":{"start":{"line":38,"column":4},"end":{"line":38,"column":36}},"9":{"start":{"line":38,"column":15},"end":{"line":38,"column":36}},"10":{"start":{"line":39,"column":4},"end":{"line":39,"column":33}},"11":{"start":{"line":39,"column":14},"end":{"line":39,"column":33}},"12":{"start":{"line":40,"column":4},"end":{"line":40,"column":52}},"13":{"start":{"line":40,"column":26},"end":{"line":40,"column":52}},"14":{"start":{"line":41,"column":4},"end":{"line":41,"column":52}},"15":{"start":{"line":41,"column":25},"end":{"line":41,"column":52}},"16":{"start":{"line":43,"column":18},"end":{"line":43,"column":48}},"17":{"start":{"line":45,"column":19},"end":{"line":45,"column":49}},"18":{"start":{"line":46,"column":4},"end":{"line":52,"column":5}},"19":{"start":{"line":47,"column":6},"end":{"line":51,"column":8}},"20":{"start":{"line":49,"column":10},"end":{"line":50,"column":55}},"21":{"start":{"line":54,"column":4},"end":{"line":63,"column":7}},"22":{"start":{"line":55,"column":17},"end":{"line":57,"column":33}},"23":{"start":{"line":58,"column":17},"end":{"line":60,"column":33}},"24":{"start":{"line":61,"column":6},"end":{"line":61,"column":36}},"25":{"start":{"line":61,"column":21},"end":{"line":61,"column":36}},"26":{"start":{"line":62,"column":6},"end":{"line":62,"column":58}},"27":{"start":{"line":65,"column":14},"end":{"line":65,"column":50}},"28":{"start":{"line":66,"column":15},"end":{"line":66,"column":56}},"29":{"start":{"line":67,"column":18},"end":{"line":67,"column":32}},"30":{"start":{"line":68,"column":23},"end":{"line":68,"column":57}},"31":{"start":{"line":69,"column":18},"end":{"line":69,"column":30}},"32":{"start":{"line":70,"column":22},"end":{"line":70,"column":54}},"33":{"start":{"line":72,"column":18},"end":{"line":91,"column":5}},"34":{"start":{"line":74,"column":25},"end":{"line":74,"column":63}},"35":{"start":{"line":75,"column":22},"end":{"line":75,"column":33}},"36":{"start":{"line":76,"column":8},"end":{"line":89,"column":10}},"37":{"start":{"line":93,"column":23},"end":{"line":102,"column":5}},"38":{"start":{"line":104,"column":4},"end":{"line":114,"column":7}},"39":{"start":{"line":116,"column":4},"end":{"line":116,"column":14}},"40":{"start":{"line":121,"column":14},"end":{"line":123,"column":3}},"41":{"start":{"line":124,"column":17},"end":{"line":124,"column":47}},"42":{"start":{"line":125,"column":2},"end":{"line":125,"column":35}},"43":{"start":{"line":126,"column":2},"end":{"line":126,"column":43}},"44":{"start":{"line":127,"column":2},"end":{"line":127,"column":48}}},"fnMap":{"0":{"name":"(anonymous_0)","decl":{"start":{"line":5,"column":20},"end":{"line":5,"column":21}},"loc":{"start":{"line":6,"column":2},"end":{"line":12,"column":8}},"line":6},"1":{"name":"(anonymous_1)","decl":{"start":{"line":14,"column":20},"end":{"line":14,"column":21}},"loc":{"start":{"line":15,"column":2},"end":{"line":24,"column":11}},"line":15},"2":{"name":"(anonymous_2)","decl":{"start":{"line":26,"column":31},"end":{"line":26,"column":32}},"loc":{"start":{"line":26,"column":57},"end":{"line":118,"column":1}},"line":26},"3":{"name":"(anonymous_3)","decl":{"start":{"line":48,"column":8},"end":{"line":48,"column":9}},"loc":{"start":{"line":49,"column":10},"end":{"line":50,"column":55}},"line":49},"4":{"name":"(anonymous_4)","decl":{"start":{"line":54,"column":17},"end":{"line":54,"column":18}},"loc":{"start":{"line":54,"column":27},"end":{"line":63,"column":5}},"line":54},"5":{"name":"(anonymous_5)","decl":{"start":{"line":73,"column":20},"end":{"line":73,"column":21}},"loc":{"start":{"line":73,"column":33},"end":{"line":90,"column":7}},"line":73},"6":{"name":"buildLink","decl":{"start":{"line":120,"column":9},"end":{"line":120,"column":18}},"loc":{"start":{"line":120,"column":40},"end":{"line":128,"column":1}},"line":120}},"branchMap":{"0":{"loc":{"start":{"line":6,"column":2},"end":{"line":12,"column":8}},"type":"cond-expr","locations":[{"start":{"line":7,"column":6},"end":{"line":11,"column":8}},{"start":{"line":12,"column":6},"end":{"line":12,"column":8}}],"line":6},"1":{"loc":{"start":{"line":15,"column":2},"end":{"line":24,"column":11}},"type":"cond-expr","locations":[{"start":{"line":16,"column":6},"end":{"line":23,"column":8}},{"start":{"line":24,"column":6},"end":{"line":24,"column":11}}],"line":15},"2":{"loc":{"start":{"line":33,"column":6},"end":{"line":33,"column":16}},"type":"default-arg","locations":[{"start":{"line":33,"column":13},"end":{"line":33,"column":16}}],"line":33},"3":{"loc":{"start":{"line":34,"column":6},"end":{"line":34,"column":21}},"type":"default-arg","locations":[{"start":{"line":34,"column":17},"end":{"line":34,"column":21}}],"line":34},"4":{"loc":{"start":{"line":38,"column":4},"end":{"line":38,"column":36}},"type":"if","locations":[{"start":{"line":38,"column":4},"end":{"line":38,"column":36}},{"start":{},"end":{}}],"line":38},"5":{"loc":{"start":{"line":39,"column":4},"end":{"line":39,"column":33}},"type":"if","locations":[{"start":{"line":39,"column":4},"end":{"line":39,"column":33}},{"start":{},"end":{}}],"line":39},"6":{"loc":{"start":{"line":40,"column":4},"end":{"line":40,"column":52}},"type":"if","locations":[{"start":{"line":40,"column":4},"end":{"line":40,"column":52}},{"start":{},"end":{}}],"line":40},"7":{"loc":{"start":{"line":41,"column":4},"end":{"line":41,"column":52}},"type":"if","locations":[{"start":{"line":41,"column":4},"end":{"line":41,"column":52}},{"start":{},"end":{}}],"line":41},"8":{"loc":{"start":{"line":45,"column":20},"end":{"line":45,"column":27}},"type":"binary-expr","locations":[{"start":{"line":45,"column":20},"end":{"line":45,"column":21}},{"start":{"line":45,"column":25},"end":{"line":45,"column":27}}],"line":45},"9":{"loc":{"start":{"line":46,"column":4},"end":{"line":52,"column":5}},"type":"if","locations":[{"start":{"line":46,"column":4},"end":{"line":52,"column":5}},{"start":{},"end":{}}],"line":46},"10":{"loc":{"start":{"line":49,"column":10},"end":{"line":50,"column":55}},"type":"binary-expr","locations":[{"start":{"line":49,"column":10},"end":{"line":49,"column":49}},{"start":{"line":50,"column":10},"end":{"line":50,"column":55}}],"line":49},"11":{"loc":{"start":{"line":55,"column":17},"end":{"line":57,"column":33}},"type":"cond-expr","locations":[{"start":{"line":56,"column":10},"end":{"line":56,"column":41}},{"start":{"line":57,"column":10},"end":{"line":57,"column":33}}],"line":55},"12":{"loc":{"start":{"line":58,"column":17},"end":{"line":60,"column":33}},"type":"cond-expr","locations":[{"start":{"line":59,"column":10},"end":{"line":59,"column":41}},{"start":{"line":60,"column":10},"end":{"line":60,"column":33}}],"line":58},"13":{"loc":{"start":{"line":61,"column":6},"end":{"line":61,"column":36}},"type":"if","locations":[{"start":{"line":61,"column":6},"end":{"line":61,"column":36}},{"start":{},"end":{}}],"line":61},"14":{"loc":{"start":{"line":62,"column":14},"end":{"line":62,"column":27}},"type":"binary-expr","locations":[{"start":{"line":62,"column":14},"end":{"line":62,"column":21}},{"start":{"line":62,"column":25},"end":{"line":62,"column":27}}],"line":62},"15":{"loc":{"start":{"line":62,"column":43},"end":{"line":62,"column":56}},"type":"binary-expr","locations":[{"start":{"line":62,"column":43},"end":{"line":62,"column":50}},{"start":{"line":62,"column":54},"end":{"line":62,"column":56}}],"line":62},"16":{"loc":{"start":{"line":65,"column":26},"end":{"line":65,"column":49}},"type":"binary-expr","locations":[{"start":{"line":65,"column":26},"end":{"line":65,"column":44}},{"start":{"line":65,"column":48},"end":{"line":65,"column":49}}],"line":65},"17":{"loc":{"start":{"line":66,"column":27},"end":{"line":66,"column":55}},"type":"binary-expr","locations":[{"start":{"line":66,"column":27},"end":{"line":66,"column":49}},{"start":{"line":66,"column":53},"end":{"line":66,"column":55}}],"line":66},"18":{"loc":{"start":{"line":84,"column":23},"end":{"line":84,"column":71}},"type":"cond-expr","locations":[{"start":{"line":84,"column":31},"end":{"line":84,"column":63}},{"start":{"line":84,"column":66},"end":{"line":84,"column":71}}],"line":84},"19":{"loc":{"start":{"line":87,"column":20},"end":{"line":87,"column":36}},"type":"binary-expr","locations":[{"start":{"line":87,"column":20},"end":{"line":87,"column":30}},{"start":{"line":87,"column":34},"end":{"line":87,"column":36}}],"line":87},"20":{"loc":{"start":{"line":88,"column":17},"end":{"line":88,"column":64}},"type":"cond-expr","locations":[{"start":{"line":88,"column":35},"end":{"line":88,"column":59}},{"start":{"line":88,"column":62},"end":{"line":88,"column":64}}],"line":88},"21":{"loc":{"start":{"line":100,"column":16},"end":{"line":100,"column":56}},"type":"cond-expr","locations":[{"start":{"line":100,"column":24},"end":{"line":100,"column":49}},{"start":{"line":100,"column":52},"end":{"line":100,"column":56}}],"line":100},"22":{"loc":{"start":{"line":101,"column":16},"end":{"line":101,"column":65}},"type":"cond-expr","locations":[{"start":{"line":101,"column":33},"end":{"line":101,"column":58}},{"start":{"line":101,"column":61},"end":{"line":101,"column":65}}],"line":101}},"s":{"0":4,"1":2,"2":4,"3":1,"4":4,"5":1,"6":1,"7":1,"8":1,"9":0,"10":1,"11":0,"12":1,"13":0,"14":1,"15":0,"16":1,"17":1,"18":1,"19":0,"20":0,"21":1,"22":0,"23":0,"24":0,"25":0,"26":0,"27":1,"28":1,"29":1,"30":1,"31":1,"32":1,"33":1,"34":1,"35":1,"36":1,"37":1,"38":1,"39":0,"40":0,"41":0,"42":0,"43":0,"44":0},"f":{"0":2,"1":1,"2":1,"3":0,"4":0,"5":1,"6":0},"b":{"0":[2,0],"1":[1,0],"2":[1],"3":[1],"4":[0,1],"5":[0,1],"6":[0,1],"7":[0,1],"8":[1,1],"9":[0,1],"10":[0,0],"11":[0,0],"12":[0,0],"13":[0,0],"14":[0,0],"15":[0,0],"16":[1,0],"17":[1,0],"18":[1,0],"19":[1,1],"20":[0,1],"21":[0,1],"22":[0,1]},"inputSourceMap":null,"_coverageSchema":"1a1c01bbd47fc00a2c39e90264f33305004495a9","hash":"b031b48f5d0aac8c1f08d525c81e92dd725d4279"}
,"C:\\Users\\jonat\\Desktop\\WAD2\\WAD2_posscw_2526---Start\\controllers\\organiserController.js": {"path":"C:\\Users\\jonat\\Desktop\\WAD2\\WAD2_posscw_2526---Start\\controllers\\organiserController.js","statementMap":{"0":{"start":{"line":7,"column":16},"end":{"line":17,"column":12}},"1":{"start":{"line":8,"column":4},"end":{"line":17,"column":12}},"2":{"start":{"line":20,"column":25},"end":{"line":30,"column":1}},"3":{"start":{"line":21,"column":4},"end":{"line":29,"column":5}},"4":{"start":{"line":22,"column":24},"end":{"line":22,"column":48}},"5":{"start":{"line":23,"column":8},"end":{"line":26,"column":11}},"6":{"start":{"line":28,"column":8},"end":{"line":28,"column":18}},"7":{"start":{"line":33,"column":29},"end":{"line":46,"column":1}},"8":{"start":{"line":34,"column":4},"end":{"line":45,"column":7}},"9":{"start":{"line":49,"column":29},"end":{"line":68,"column":1}},"10":{"start":{"line":50,"column":4},"end":{"line":67,"column":5}},"11":{"start":{"line":51,"column":102},"end":{"line":51,"column":110}},"12":{"start":{"line":52,"column":8},"end":{"line":63,"column":11}},"13":{"start":{"line":64,"column":8},"end":{"line":64,"column":35}},"14":{"start":{"line":66,"column":8},"end":{"line":66,"column":18}},"15":{"start":{"line":71,"column":30},"end":{"line":89,"column":1}},"16":{"start":{"line":72,"column":4},"end":{"line":88,"column":5}},"17":{"start":{"line":73,"column":23},"end":{"line":73,"column":64}},"18":{"start":{"line":74,"column":8},"end":{"line":74,"column":113}},"19":{"start":{"line":74,"column":21},"end":{"line":74,"column":113}},"20":{"start":{"line":75,"column":8},"end":{"line":85,"column":11}},"21":{"start":{"line":87,"column":8},"end":{"line":87,"column":18}},"22":{"start":{"line":92,"column":30},"end":{"line":110,"column":1}},"23":{"start":{"line":93,"column":4},"end":{"line":109,"column":5}},"24":{"start":{"line":94,"column":102},"end":{"line":94,"column":110}},"25":{"start":{"line":95,"column":8},"end":{"line":105,"column":11}},"26":{"start":{"line":106,"column":8},"end":{"line":106,"column":35}},"27":{"start":{"line":108,"column":8},"end":{"line":108,"column":18}},"28":{"start":{"line":113,"column":32},"end":{"line":121,"column":1}},"29":{"start":{"line":114,"column":4},"end":{"line":120,"column":5}},"30":{"start":{"line":115,"column":8},"end":{"line":115,"column":57}},"31":{"start":{"line":116,"column":8},"end":{"line":116,"column":48}},"32":{"start":{"line":117,"column":8},"end":{"line":117,"column":35}},"33":{"start":{"line":119,"column":8},"end":{"line":119,"column":18}},"34":{"start":{"line":124,"column":30},"end":{"line":138,"column":1}},"35":{"start":{"line":125,"column":4},"end":{"line":137,"column":5}},"36":{"start":{"line":126,"column":23},"end":{"line":126,"column":64}},"37":{"start":{"line":127,"column":8},"end":{"line":127,"column":113}},"38":{"start":{"line":127,"column":21},"end":{"line":127,"column":113}},"39":{"start":{"line":128,"column":8},"end":{"line":134,"column":11}},"40":{"start":{"line":136,"column":8},"end":{"line":136,"column":18}},"41":{"start":{"line":141,"column":30},"end":{"line":155,"column":1}},"42":{"start":{"line":142,"column":4},"end":{"line":154,"column":5}},"43":{"start":{"line":143,"column":57},"end":{"line":143,"column":65}},"44":{"start":{"line":144,"column":8},"end":{"line":150,"column":11}},"45":{"start":{"line":151,"column":8},"end":{"line":151,"column":35}},"46":{"start":{"line":153,"column":8},"end":{"line":153,"column":18}},"47":{"start":{"line":158,"column":33},"end":{"line":165,"column":1}},"48":{"start":{"line":159,"column":4},"end":{"line":164,"column":5}},"49":{"start":{"line":160,"column":8},"end":{"line":160,"column":49}},"50":{"start":{"line":161,"column":8},"end":{"line":161,"column":35}},"51":{"start":{"line":163,"column":8},"end":{"line":163,"column":18}},"52":{"start":{"line":168,"column":29},"end":{"line":194,"column":1}},"53":{"start":{"line":169,"column":4},"end":{"line":193,"column":5}},"54":{"start":{"line":170,"column":23},"end":{"line":170,"column":64}},"55":{"start":{"line":171,"column":8},"end":{"line":171,"column":113}},"56":{"start":{"line":171,"column":21},"end":{"line":171,"column":113}},"57":{"start":{"line":173,"column":25},"end":{"line":173,"column":71}},"58":{"start":{"line":174,"column":29},"end":{"line":184,"column":9}},"59":{"start":{"line":176,"column":29},"end":{"line":176,"column":63}},"60":{"start":{"line":177,"column":16},"end":{"line":182,"column":18}},"61":{"start":{"line":186,"column":8},"end":{"line":190,"column":11}},"62":{"start":{"line":192,"column":8},"end":{"line":192,"column":18}},"63":{"start":{"line":197,"column":25},"end":{"line":215,"column":1}},"64":{"start":{"line":198,"column":4},"end":{"line":214,"column":5}},"65":{"start":{"line":199,"column":25},"end":{"line":199,"column":50}},"66":{"start":{"line":201,"column":22},"end":{"line":207,"column":11}},"67":{"start":{"line":201,"column":43},"end":{"line":207,"column":9}},"68":{"start":{"line":208,"column":8},"end":{"line":211,"column":11}},"69":{"start":{"line":213,"column":8},"end":{"line":213,"column":18}},"70":{"start":{"line":218,"column":30},"end":{"line":232,"column":1}},"71":{"start":{"line":219,"column":4},"end":{"line":231,"column":5}},"72":{"start":{"line":221,"column":8},"end":{"line":226,"column":9}},"73":{"start":{"line":222,"column":12},"end":{"line":225,"column":15}},"74":{"start":{"line":227,"column":8},"end":{"line":227,"column":65}},"75":{"start":{"line":228,"column":8},"end":{"line":228,"column":41}},"76":{"start":{"line":230,"column":8},"end":{"line":230,"column":18}},"77":{"start":{"line":235,"column":30},"end":{"line":249,"column":1}},"78":{"start":{"line":236,"column":4},"end":{"line":248,"column":5}},"79":{"start":{"line":238,"column":8},"end":{"line":243,"column":9}},"80":{"start":{"line":239,"column":12},"end":{"line":242,"column":15}},"81":{"start":{"line":244,"column":8},"end":{"line":244,"column":46}},"82":{"start":{"line":245,"column":8},"end":{"line":245,"column":41}},"83":{"start":{"line":247,"column":8},"end":{"line":247,"column":18}}},"fnMap":{"0":{"name":"(anonymous_0)","decl":{"start":{"line":7,"column":16},"end":{"line":7,"column":17}},"loc":{"start":{"line":8,"column":4},"end":{"line":17,"column":12}},"line":8},"1":{"name":"(anonymous_1)","decl":{"start":{"line":20,"column":25},"end":{"line":20,"column":26}},"loc":{"start":{"line":20,"column":51},"end":{"line":30,"column":1}},"line":20},"2":{"name":"(anonymous_2)","decl":{"start":{"line":33,"column":29},"end":{"line":33,"column":30}},"loc":{"start":{"line":33,"column":43},"end":{"line":46,"column":1}},"line":33},"3":{"name":"(anonymous_3)","decl":{"start":{"line":49,"column":29},"end":{"line":49,"column":30}},"loc":{"start":{"line":49,"column":55},"end":{"line":68,"column":1}},"line":49},"4":{"name":"(anonymous_4)","decl":{"start":{"line":71,"column":30},"end":{"line":71,"column":31}},"loc":{"start":{"line":71,"column":56},"end":{"line":89,"column":1}},"line":71},"5":{"name":"(anonymous_5)","decl":{"start":{"line":92,"column":30},"end":{"line":92,"column":31}},"loc":{"start":{"line":92,"column":56},"end":{"line":110,"column":1}},"line":92},"6":{"name":"(anonymous_6)","decl":{"start":{"line":113,"column":32},"end":{"line":113,"column":33}},"loc":{"start":{"line":113,"column":58},"end":{"line":121,"column":1}},"line":113},"7":{"name":"(anonymous_7)","decl":{"start":{"line":124,"column":30},"end":{"line":124,"column":31}},"loc":{"start":{"line":124,"column":56},"end":{"line":138,"column":1}},"line":124},"8":{"name":"(anonymous_8)","decl":{"start":{"line":141,"column":30},"end":{"line":141,"column":31}},"loc":{"start":{"line":141,"column":56},"end":{"line":155,"column":1}},"line":141},"9":{"name":"(anonymous_9)","decl":{"start":{"line":158,"column":33},"end":{"line":158,"column":34}},"loc":{"start":{"line":158,"column":59},"end":{"line":165,"column":1}},"line":158},"10":{"name":"(anonymous_10)","decl":{"start":{"line":168,"column":29},"end":{"line":168,"column":30}},"loc":{"start":{"line":168,"column":55},"end":{"line":194,"column":1}},"line":168},"11":{"name":"(anonymous_11)","decl":{"start":{"line":175,"column":25},"end":{"line":175,"column":26}},"loc":{"start":{"line":175,"column":38},"end":{"line":183,"column":13}},"line":175},"12":{"name":"(anonymous_12)","decl":{"start":{"line":197,"column":25},"end":{"line":197,"column":26}},"loc":{"start":{"line":197,"column":51},"end":{"line":215,"column":1}},"line":197},"13":{"name":"(anonymous_13)","decl":{"start":{"line":201,"column":35},"end":{"line":201,"column":36}},"loc":{"start":{"line":201,"column":43},"end":{"line":207,"column":9}},"line":201},"14":{"name":"(anonymous_14)","decl":{"start":{"line":218,"column":30},"end":{"line":218,"column":31}},"loc":{"start":{"line":218,"column":56},"end":{"line":232,"column":1}},"line":218},"15":{"name":"(anonymous_15)","decl":{"start":{"line":235,"column":30},"end":{"line":235,"column":31}},"loc":{"start":{"line":235,"column":56},"end":{"line":249,"column":1}},"line":235}},"branchMap":{"0":{"loc":{"start":{"line":8,"column":4},"end":{"line":17,"column":12}},"type":"cond-expr","locations":[{"start":{"line":9,"column":10},"end":{"line":16,"column":12}},{"start":{"line":17,"column":10},"end":{"line":17,"column":12}}],"line":8},"1":{"loc":{"start":{"line":61,"column":19},"end":{"line":61,"column":41}},"type":"binary-expr","locations":[{"start":{"line":61,"column":19},"end":{"line":61,"column":36}},{"start":{"line":61,"column":40},"end":{"line":61,"column":41}}],"line":61},"2":{"loc":{"start":{"line":74,"column":8},"end":{"line":74,"column":113}},"type":"if","locations":[{"start":{"line":74,"column":8},"end":{"line":74,"column":113}},{"start":{},"end":{}}],"line":74},"3":{"loc":{"start":{"line":104,"column":19},"end":{"line":104,"column":41}},"type":"binary-expr","locations":[{"start":{"line":104,"column":19},"end":{"line":104,"column":36}},{"start":{"line":104,"column":40},"end":{"line":104,"column":41}}],"line":104},"4":{"loc":{"start":{"line":127,"column":8},"end":{"line":127,"column":113}},"type":"if","locations":[{"start":{"line":127,"column":8},"end":{"line":127,"column":113}},{"start":{},"end":{}}],"line":127},"5":{"loc":{"start":{"line":148,"column":22},"end":{"line":148,"column":45}},"type":"binary-expr","locations":[{"start":{"line":148,"column":22},"end":{"line":148,"column":40}},{"start":{"line":148,"column":44},"end":{"line":148,"column":45}}],"line":148},"6":{"loc":{"start":{"line":171,"column":8},"end":{"line":171,"column":113}},"type":"if","locations":[{"start":{"line":171,"column":8},"end":{"line":171,"column":113}},{"start":{},"end":{}}],"line":171},"7":{"loc":{"start":{"line":178,"column":26},"end":{"line":178,"column":54}},"type":"cond-expr","locations":[{"start":{"line":178,"column":33},"end":{"line":178,"column":42}},{"start":{"line":178,"column":45},"end":{"line":178,"column":54}}],"line":178},"8":{"loc":{"start":{"line":179,"column":27},"end":{"line":179,"column":49}},"type":"cond-expr","locations":[{"start":{"line":179,"column":34},"end":{"line":179,"column":44}},{"start":{"line":179,"column":47},"end":{"line":179,"column":49}}],"line":179},"9":{"loc":{"start":{"line":221,"column":8},"end":{"line":226,"column":9}},"type":"if","locations":[{"start":{"line":221,"column":8},"end":{"line":226,"column":9}},{"start":{},"end":{}}],"line":221},"10":{"loc":{"start":{"line":238,"column":8},"end":{"line":243,"column":9}},"type":"if","locations":[{"start":{"line":238,"column":8},"end":{"line":243,"column":9}},{"start":{},"end":{}}],"line":238}},"s":{"0":4,"1":0,"2":4,"3":0,"4":0,"5":0,"6":0,"7":4,"8":0,"9":4,"10":0,"11":0,"12":0,"13":0,"14":0,"15":4,"16":0,"17":0,"18":0,"19":0,"20":0,"21":0,"22":4,"23":0,"24":0,"25":0,"26":0,"27":0,"28":4,"29":0,"30":0,"31":0,"32":0,"33":0,"34":4,"35":0,"36":0,"37":0,"38":0,"39":0,"40":0,"41":4,"42":0,"43":0,"44":0,"45":0,"46":0,"47":4,"48":0,"49":0,"50":0,"51":0,"52":4,"53":0,"54":0,"55":0,"56":0,"57":0,"58":0,"59":0,"60":0,"61":0,"62":0,"63":4,"64":0,"65":0,"66":0,"67":0,"68":0,"69":0,"70":4,"71":0,"72":0,"73":0,"74":0,"75":0,"76":0,"77":4,"78":0,"79":0,"80":0,"81":0,"82":0,"83":0},"f":{"0":0,"1":0,"2":0,"3":0,"4":0,"5":0,"6":0,"7":0,"8":0,"9":0,"10":0,"11":0,"12":0,"13":0,"14":0,"15":0},"b":{"0":[0,0],"1":[0,0],"2":[0,0],"3":[0,0],"4":[0,0],"5":[0,0],"6":[0,0],"7":[0,0],"8":[0,0],"9":[0,0],"10":[0,0]},"inputSourceMap":null,"_coverageSchema":"1a1c01bbd47fc00a2c39e90264f33305004495a9","hash":"339762fa6f7a941a8558f2ef9b01a9811ae69502"}
,"C:\\Users\\jonat\\Desktop\\WAD2\\WAD2_posscw_2526---Start\\controllers\\userController.js": {"path":"C:\\Users\\jonat\\Desktop\\WAD2\\WAD2_posscw_2526---Start\\controllers\\userController.js","statementMap":{"0":{"start":{"line":4,"column":25},"end":{"line":6,"column":1}},"1":{"start":{"line":5,"column":4},"end":{"line":5,"column":46}},"2":{"start":{"line":8,"column":27},"end":{"line":12,"column":1}},"3":{"start":{"line":11,"column":4},"end":{"line":11,"column":22}},"4":{"start":{"line":14,"column":28},"end":{"line":16,"column":1}},"5":{"start":{"line":15,"column":4},"end":{"line":15,"column":50}},"6":{"start":{"line":18,"column":30},"end":{"line":44,"column":1}},"7":{"start":{"line":19,"column":38},"end":{"line":19,"column":46}},"8":{"start":{"line":21,"column":4},"end":{"line":26,"column":5}},"9":{"start":{"line":22,"column":8},"end":{"line":25,"column":11}},"10":{"start":{"line":28,"column":4},"end":{"line":43,"column":5}},"11":{"start":{"line":29,"column":25},"end":{"line":29,"column":59}},"12":{"start":{"line":30,"column":8},"end":{"line":35,"column":9}},"13":{"start":{"line":31,"column":12},"end":{"line":34,"column":15}},"14":{"start":{"line":37,"column":8},"end":{"line":37,"column":75}},"15":{"start":{"line":38,"column":8},"end":{"line":38,"column":47}},"16":{"start":{"line":39,"column":8},"end":{"line":39,"column":31}},"17":{"start":{"line":41,"column":8},"end":{"line":41,"column":51}},"18":{"start":{"line":42,"column":8},"end":{"line":42,"column":54}},"19":{"start":{"line":46,"column":22},"end":{"line":50,"column":1}},"20":{"start":{"line":47,"column":4},"end":{"line":49,"column":23}}},"fnMap":{"0":{"name":"(anonymous_0)","decl":{"start":{"line":4,"column":25},"end":{"line":4,"column":26}},"loc":{"start":{"line":4,"column":39},"end":{"line":6,"column":1}},"line":4},"1":{"name":"(anonymous_1)","decl":{"start":{"line":8,"column":27},"end":{"line":8,"column":28}},"loc":{"start":{"line":8,"column":41},"end":{"line":12,"column":1}},"line":8},"2":{"name":"(anonymous_2)","decl":{"start":{"line":14,"column":28},"end":{"line":14,"column":29}},"loc":{"start":{"line":14,"column":42},"end":{"line":16,"column":1}},"line":14},"3":{"name":"(anonymous_3)","decl":{"start":{"line":18,"column":30},"end":{"line":18,"column":31}},"loc":{"start":{"line":18,"column":50},"end":{"line":44,"column":1}},"line":18},"4":{"name":"(anonymous_4)","decl":{"start":{"line":46,"column":22},"end":{"line":46,"column":23}},"loc":{"start":{"line":46,"column":36},"end":{"line":50,"column":1}},"line":46}},"branchMap":{"0":{"loc":{"start":{"line":21,"column":4},"end":{"line":26,"column":5}},"type":"if","locations":[{"start":{"line":21,"column":4},"end":{"line":26,"column":5}},{"start":{},"end":{}}],"line":21},"1":{"loc":{"start":{"line":21,"column":8},"end":{"line":21,"column":36}},"type":"binary-expr","locations":[{"start":{"line":21,"column":8},"end":{"line":21,"column":13}},{"start":{"line":21,"column":17},"end":{"line":21,"column":23}},{"start":{"line":21,"column":27},"end":{"line":21,"column":36}}],"line":21},"2":{"loc":{"start":{"line":30,"column":8},"end":{"line":35,"column":9}},"type":"if","locations":[{"start":{"line":30,"column":8},"end":{"line":35,"column":9}},{"start":{},"end":{}}],"line":30}},"s":{"0":4,"1":0,"2":4,"3":0,"4":4,"5":0,"6":4,"7":0,"8":0,"9":0,"10":0,"11":0,"12":0,"13":0,"14":0,"15":0,"16":0,"17":0,"18":0,"19":4,"20":0},"f":{"0":0,"1":0,"2":0,"3":0,"4":0},"b":{"0":[0,0],"1":[0,0,0],"2":[0,0]},"inputSourceMap":null,"_coverageSchema":"1a1c01bbd47fc00a2c39e90264f33305004495a9","hash":"f92770b5b4e0950da59e7dd9f6aac2fd4164435b"}
,"C:\\Users\\jonat\\Desktop\\WAD2\\WAD2_posscw_2526---Start\\controllers\\viewsController.js": {"path":"C:\\Users\\jonat\\Desktop\\WAD2\\WAD2_posscw_2526---Start\\controllers\\viewsController.js","statementMap":{"0":{"start":{"line":10,"column":16},"end":{"line":18,"column":4}},"1":{"start":{"line":11,"column":2},"end":{"line":18,"column":4}},"2":{"start":{"line":20,"column":20},"end":{"line":25,"column":4}},"3":{"start":{"line":21,"column":2},"end":{"line":25,"column":4}},"4":{"start":{"line":27,"column":24},"end":{"line":54,"column":1}},"5":{"start":{"line":28,"column":2},"end":{"line":53,"column":3}},"6":{"start":{"line":29,"column":20},"end":{"line":29,"column":44}},"7":{"start":{"line":30,"column":18},"end":{"line":49,"column":5}},"8":{"start":{"line":32,"column":25},"end":{"line":32,"column":63}},"9":{"start":{"line":33,"column":28},"end":{"line":33,"column":39}},"10":{"start":{"line":34,"column":8},"end":{"line":47,"column":10}},"11":{"start":{"line":50,"column":4},"end":{"line":50,"column":66}},"12":{"start":{"line":52,"column":4},"end":{"line":52,"column":14}},"13":{"start":{"line":56,"column":32},"end":{"line":96,"column":1}},"14":{"start":{"line":57,"column":2},"end":{"line":95,"column":3}},"15":{"start":{"line":58,"column":21},"end":{"line":58,"column":34}},"16":{"start":{"line":59,"column":19},"end":{"line":59,"column":55}},"17":{"start":{"line":60,"column":4},"end":{"line":63,"column":78}},"18":{"start":{"line":61,"column":6},"end":{"line":63,"column":78}},"19":{"start":{"line":65,"column":21},"end":{"line":65,"column":62}},"20":{"start":{"line":66,"column":17},"end":{"line":75,"column":7}},"21":{"start":{"line":66,"column":38},"end":{"line":75,"column":5}},"22":{"start":{"line":77,"column":4},"end":{"line":92,"column":7}},"23":{"start":{"line":94,"column":4},"end":{"line":94,"column":14}},"24":{"start":{"line":98,"column":30},"end":{"line":108,"column":1}},"25":{"start":{"line":99,"column":2},"end":{"line":107,"column":3}},"26":{"start":{"line":100,"column":21},"end":{"line":100,"column":34}},"27":{"start":{"line":101,"column":20},"end":{"line":101,"column":67}},"28":{"start":{"line":102,"column":4},"end":{"line":102,"column":70}},"29":{"start":{"line":104,"column":4},"end":{"line":106,"column":74}},"30":{"start":{"line":110,"column":31},"end":{"line":122,"column":1}},"31":{"start":{"line":111,"column":2},"end":{"line":121,"column":3}},"32":{"start":{"line":112,"column":22},"end":{"line":112,"column":35}},"33":{"start":{"line":113,"column":20},"end":{"line":113,"column":69}},"34":{"start":{"line":114,"column":4},"end":{"line":114,"column":70}},"35":{"start":{"line":117,"column":6},"end":{"line":119,"column":21}},"36":{"start":{"line":120,"column":4},"end":{"line":120,"column":74}},"37":{"start":{"line":124,"column":39},"end":{"line":145,"column":1}},"38":{"start":{"line":125,"column":2},"end":{"line":144,"column":3}},"39":{"start":{"line":126,"column":22},"end":{"line":126,"column":42}},"40":{"start":{"line":127,"column":20},"end":{"line":127,"column":58}},"41":{"start":{"line":128,"column":4},"end":{"line":131,"column":79}},"42":{"start":{"line":129,"column":6},"end":{"line":131,"column":79}},"43":{"start":{"line":133,"column":4},"end":{"line":141,"column":7}},"44":{"start":{"line":143,"column":4},"end":{"line":143,"column":14}},"45":{"start":{"line":147,"column":25},"end":{"line":151,"column":1}},"46":{"start":{"line":148,"column":2},"end":{"line":150,"column":5}}},"fnMap":{"0":{"name":"(anonymous_0)","decl":{"start":{"line":10,"column":16},"end":{"line":10,"column":17}},"loc":{"start":{"line":11,"column":2},"end":{"line":18,"column":4}},"line":11},"1":{"name":"(anonymous_1)","decl":{"start":{"line":20,"column":20},"end":{"line":20,"column":21}},"loc":{"start":{"line":21,"column":2},"end":{"line":25,"column":4}},"line":21},"2":{"name":"(anonymous_2)","decl":{"start":{"line":27,"column":24},"end":{"line":27,"column":25}},"loc":{"start":{"line":27,"column":50},"end":{"line":54,"column":1}},"line":27},"3":{"name":"(anonymous_3)","decl":{"start":{"line":31,"column":18},"end":{"line":31,"column":19}},"loc":{"start":{"line":31,"column":31},"end":{"line":48,"column":7}},"line":31},"4":{"name":"(anonymous_4)","decl":{"start":{"line":56,"column":32},"end":{"line":56,"column":33}},"loc":{"start":{"line":56,"column":58},"end":{"line":96,"column":1}},"line":56},"5":{"name":"(anonymous_5)","decl":{"start":{"line":66,"column":30},"end":{"line":66,"column":31}},"loc":{"start":{"line":66,"column":38},"end":{"line":75,"column":5}},"line":66},"6":{"name":"(anonymous_6)","decl":{"start":{"line":98,"column":30},"end":{"line":98,"column":31}},"loc":{"start":{"line":98,"column":56},"end":{"line":108,"column":1}},"line":98},"7":{"name":"(anonymous_7)","decl":{"start":{"line":110,"column":31},"end":{"line":110,"column":32}},"loc":{"start":{"line":110,"column":57},"end":{"line":122,"column":1}},"line":110},"8":{"name":"(anonymous_8)","decl":{"start":{"line":124,"column":39},"end":{"line":124,"column":40}},"loc":{"start":{"line":124,"column":65},"end":{"line":145,"column":1}},"line":124},"9":{"name":"(anonymous_9)","decl":{"start":{"line":147,"column":25},"end":{"line":147,"column":26}},"loc":{"start":{"line":147,"column":39},"end":{"line":151,"column":1}},"line":147}},"branchMap":{"0":{"loc":{"start":{"line":40,"column":21},"end":{"line":40,"column":64}},"type":"cond-expr","locations":[{"start":{"line":40,"column":35},"end":{"line":40,"column":59}},{"start":{"line":40,"column":62},"end":{"line":40,"column":64}}],"line":40},"1":{"loc":{"start":{"line":41,"column":19},"end":{"line":41,"column":58}},"type":"cond-expr","locations":[{"start":{"line":41,"column":31},"end":{"line":41,"column":53}},{"start":{"line":41,"column":56},"end":{"line":41,"column":58}}],"line":41},"2":{"loc":{"start":{"line":42,"column":23},"end":{"line":42,"column":79}},"type":"cond-expr","locations":[{"start":{"line":42,"column":37},"end":{"line":42,"column":71}},{"start":{"line":42,"column":74},"end":{"line":42,"column":79}}],"line":42},"3":{"loc":{"start":{"line":45,"column":20},"end":{"line":45,"column":36}},"type":"binary-expr","locations":[{"start":{"line":45,"column":20},"end":{"line":45,"column":30}},{"start":{"line":45,"column":34},"end":{"line":45,"column":36}}],"line":45},"4":{"loc":{"start":{"line":46,"column":17},"end":{"line":46,"column":64}},"type":"cond-expr","locations":[{"start":{"line":46,"column":35},"end":{"line":46,"column":59}},{"start":{"line":46,"column":62},"end":{"line":46,"column":64}}],"line":46},"5":{"loc":{"start":{"line":60,"column":4},"end":{"line":63,"column":78}},"type":"if","locations":[{"start":{"line":60,"column":4},"end":{"line":63,"column":78}},{"start":{},"end":{}}],"line":60},"6":{"loc":{"start":{"line":71,"column":14},"end":{"line":71,"column":32}},"type":"binary-expr","locations":[{"start":{"line":71,"column":14},"end":{"line":71,"column":27}},{"start":{"line":71,"column":31},"end":{"line":71,"column":32}}],"line":71},"7":{"loc":{"start":{"line":72,"column":30},"end":{"line":72,"column":45}},"type":"binary-expr","locations":[{"start":{"line":72,"column":30},"end":{"line":72,"column":40}},{"start":{"line":72,"column":44},"end":{"line":72,"column":45}}],"line":72},"8":{"loc":{"start":{"line":72,"column":50},"end":{"line":72,"column":68}},"type":"binary-expr","locations":[{"start":{"line":72,"column":50},"end":{"line":72,"column":63}},{"start":{"line":72,"column":67},"end":{"line":72,"column":68}}],"line":72},"9":{"loc":{"start":{"line":85,"column":19},"end":{"line":85,"column":72}},"type":"cond-expr","locations":[{"start":{"line":85,"column":38},"end":{"line":85,"column":67}},{"start":{"line":85,"column":70},"end":{"line":85,"column":72}}],"line":85},"10":{"loc":{"start":{"line":86,"column":17},"end":{"line":86,"column":66}},"type":"cond-expr","locations":[{"start":{"line":86,"column":34},"end":{"line":86,"column":61}},{"start":{"line":86,"column":64},"end":{"line":86,"column":66}}],"line":86},"11":{"loc":{"start":{"line":88,"column":18},"end":{"line":88,"column":39}},"type":"binary-expr","locations":[{"start":{"line":88,"column":18},"end":{"line":88,"column":33}},{"start":{"line":88,"column":37},"end":{"line":88,"column":39}}],"line":88},"12":{"loc":{"start":{"line":89,"column":15},"end":{"line":89,"column":72}},"type":"cond-expr","locations":[{"start":{"line":89,"column":38},"end":{"line":89,"column":67}},{"start":{"line":89,"column":70},"end":{"line":89,"column":72}}],"line":89},"13":{"loc":{"start":{"line":117,"column":6},"end":{"line":119,"column":21}},"type":"cond-expr","locations":[{"start":{"line":118,"column":10},"end":{"line":118,"column":53}},{"start":{"line":119,"column":10},"end":{"line":119,"column":21}}],"line":117},"14":{"loc":{"start":{"line":128,"column":4},"end":{"line":131,"column":79}},"type":"if","locations":[{"start":{"line":128,"column":4},"end":{"line":131,"column":79}},{"start":{},"end":{}}],"line":128},"15":{"loc":{"start":{"line":138,"column":16},"end":{"line":138,"column":50}},"type":"binary-expr","locations":[{"start":{"line":138,"column":16},"end":{"line":138,"column":32}},{"start":{"line":138,"column":36},"end":{"line":138,"column":50}}],"line":138},"16":{"loc":{"start":{"line":139,"column":19},"end":{"line":139,"column":70}},"type":"cond-expr","locations":[{"start":{"line":139,"column":39},"end":{"line":139,"column":65}},{"start":{"line":139,"column":68},"end":{"line":139,"column":70}}],"line":139}},"s":{"0":4,"1":5,"2":4,"3":4,"4":4,"5":1,"6":1,"7":1,"8":1,"9":1,"10":1,"11":1,"12":0,"13":4,"14":2,"15":2,"16":2,"17":2,"18":1,"19":1,"20":1,"21":2,"22":1,"23":0,"24":4,"25":0,"26":0,"27":0,"28":0,"29":0,"30":4,"31":0,"32":0,"33":0,"34":0,"35":0,"36":0,"37":4,"38":0,"39":0,"40":0,"41":0,"42":0,"43":0,"44":0,"45":4,"46":0},"f":{"0":5,"1":4,"2":1,"3":1,"4":2,"5":2,"6":0,"7":0,"8":0,"9":0},"b":{"0":[1,0],"1":[1,0],"2":[1,0],"3":[1,1],"4":[0,1],"5":[1,1],"6":[2,0],"7":[2,0],"8":[2,0],"9":[1,0],"10":[1,0],"11":[1,1],"12":[0,1],"13":[0,0],"14":[0,0],"15":[0,0],"16":[0,0]},"inputSourceMap":null,"_coverageSchema":"1a1c01bbd47fc00a2c39e90264f33305004495a9","hash":"8dd8d3910206923e2e448e8e6b31dd4dca796322"}
,"C:\\Users\\jonat\\Desktop\\WAD2\\WAD2_posscw_2526---Start\\models\\_db.js": {"path":"C:\\Users\\jonat\\Desktop\\WAD2\\WAD2_posscw_2526---Start\\models\\_db.js","statementMap":{"0":{"start":{"line":7,"column":19},"end":{"line":7,"column":49}},"1":{"start":{"line":8,"column":18},"end":{"line":8,"column":42}},"2":{"start":{"line":11,"column":14},"end":{"line":11,"column":43}},"3":{"start":{"line":13,"column":23},"end":{"line":16,"column":2}},"4":{"start":{"line":17,"column":25},"end":{"line":20,"column":2}},"5":{"start":{"line":21,"column":26},"end":{"line":24,"column":2}},"6":{"start":{"line":25,"column":26},"end":{"line":28,"column":2}},"7":{"start":{"line":32,"column":2},"end":{"line":32,"column":45}},"8":{"start":{"line":34,"column":2},"end":{"line":34,"column":66}},"9":{"start":{"line":35,"column":2},"end":{"line":35,"column":58}}},"fnMap":{"0":{"name":"initDb","decl":{"start":{"line":31,"column":22},"end":{"line":31,"column":28}},"loc":{"start":{"line":31,"column":31},"end":{"line":36,"column":1}},"line":31}},"branchMap":{},"s":{"0":4,"1":4,"2":4,"3":4,"4":4,"5":4,"6":4,"7":4,"8":4,"9":4},"f":{"0":4},"b":{},"inputSourceMap":null,"_coverageSchema":"1a1c01bbd47fc00a2c39e90264f33305004495a9","hash":"e7dc35b5ae9633828a1f0ce1001067abb3d9c8ae"}
,"C:\\Users\\jonat\\Desktop\\WAD2\\WAD2_posscw_2526---Start\\models\\bookingModel.js": {"path":"C:\\Users\\jonat\\Desktop\\WAD2\\WAD2_posscw_2526---Start\\models\\bookingModel.js","statementMap":{"0":{"start":{"line":4,"column":28},"end":{"line":21,"column":1}},"1":{"start":{"line":6,"column":8},"end":{"line":6,"column":86}},"2":{"start":{"line":9,"column":8},"end":{"line":9,"column":47}},"3":{"start":{"line":12,"column":8},"end":{"line":12,"column":67}},"4":{"start":{"line":15,"column":8},"end":{"line":15,"column":66}},"5":{"start":{"line":18,"column":8},"end":{"line":18,"column":80}},"6":{"start":{"line":19,"column":8},"end":{"line":19,"column":33}}},"fnMap":{"0":{"name":"(anonymous_0)","decl":{"start":{"line":5,"column":4},"end":{"line":5,"column":5}},"loc":{"start":{"line":5,"column":26},"end":{"line":7,"column":5}},"line":5},"1":{"name":"(anonymous_1)","decl":{"start":{"line":8,"column":4},"end":{"line":8,"column":5}},"loc":{"start":{"line":8,"column":23},"end":{"line":10,"column":5}},"line":8},"2":{"name":"(anonymous_2)","decl":{"start":{"line":11,"column":4},"end":{"line":11,"column":5}},"loc":{"start":{"line":11,"column":29},"end":{"line":13,"column":5}},"line":11},"3":{"name":"(anonymous_3)","decl":{"start":{"line":14,"column":4},"end":{"line":14,"column":5}},"loc":{"start":{"line":14,"column":33},"end":{"line":16,"column":5}},"line":14},"4":{"name":"(anonymous_4)","decl":{"start":{"line":17,"column":4},"end":{"line":17,"column":5}},"loc":{"start":{"line":17,"column":21},"end":{"line":20,"column":5}},"line":17}},"branchMap":{},"s":{"0":4,"1":3,"2":2,"3":0,"4":0,"5":1,"6":1},"f":{"0":3,"1":2,"2":0,"3":0,"4":1},"b":{},"inputSourceMap":null,"_coverageSchema":"1a1c01bbd47fc00a2c39e90264f33305004495a9","hash":"98a7c5b32d26b395fa80fdd269a29186e9cbf962"}
,"C:\\Users\\jonat\\Desktop\\WAD2\\WAD2_posscw_2526---Start\\models\\courseModel.js": {"path":"C:\\Users\\jonat\\Desktop\\WAD2\\WAD2_posscw_2526---Start\\models\\courseModel.js","statementMap":{"0":{"start":{"line":4,"column":27},"end":{"line":21,"column":1}},"1":{"start":{"line":6,"column":8},"end":{"line":6,"column":40}},"2":{"start":{"line":9,"column":8},"end":{"line":9,"column":46}},"3":{"start":{"line":12,"column":8},"end":{"line":12,"column":38}},"4":{"start":{"line":15,"column":8},"end":{"line":15,"column":61}},"5":{"start":{"line":16,"column":8},"end":{"line":16,"column":33}},"6":{"start":{"line":19,"column":8},"end":{"line":19,"column":45}}},"fnMap":{"0":{"name":"(anonymous_0)","decl":{"start":{"line":5,"column":4},"end":{"line":5,"column":5}},"loc":{"start":{"line":5,"column":25},"end":{"line":7,"column":5}},"line":5},"1":{"name":"(anonymous_1)","decl":{"start":{"line":8,"column":4},"end":{"line":8,"column":5}},"loc":{"start":{"line":8,"column":23},"end":{"line":10,"column":5}},"line":8},"2":{"name":"(anonymous_2)","decl":{"start":{"line":11,"column":4},"end":{"line":11,"column":5}},"loc":{"start":{"line":11,"column":28},"end":{"line":13,"column":5}},"line":11},"3":{"name":"(anonymous_3)","decl":{"start":{"line":14,"column":4},"end":{"line":14,"column":5}},"loc":{"start":{"line":14,"column":28},"end":{"line":17,"column":5}},"line":14},"4":{"name":"(anonymous_4)","decl":{"start":{"line":18,"column":4},"end":{"line":18,"column":5}},"loc":{"start":{"line":18,"column":21},"end":{"line":20,"column":5}},"line":18}},"branchMap":{"0":{"loc":{"start":{"line":11,"column":15},"end":{"line":11,"column":26}},"type":"default-arg","locations":[{"start":{"line":11,"column":24},"end":{"line":11,"column":26}}],"line":11}},"s":{"0":4,"1":3,"2":8,"3":3,"4":2,"5":2,"6":0},"f":{"0":3,"1":8,"2":3,"3":2,"4":0},"b":{"0":[2]},"inputSourceMap":null,"_coverageSchema":"1a1c01bbd47fc00a2c39e90264f33305004495a9","hash":"63c158f7e0da312dc2ad8f502c54360eb2916a11"}
,"C:\\Users\\jonat\\Desktop\\WAD2\\WAD2_posscw_2526---Start\\models\\sessionModel.js": {"path":"C:\\Users\\jonat\\Desktop\\WAD2\\WAD2_posscw_2526---Start\\models\\sessionModel.js","statementMap":{"0":{"start":{"line":4,"column":28},"end":{"line":32,"column":1}},"1":{"start":{"line":6,"column":8},"end":{"line":6,"column":42}},"2":{"start":{"line":9,"column":8},"end":{"line":9,"column":72}},"3":{"start":{"line":12,"column":8},"end":{"line":12,"column":47}},"4":{"start":{"line":15,"column":8},"end":{"line":15,"column":62}},"5":{"start":{"line":16,"column":8},"end":{"line":16,"column":33}},"6":{"start":{"line":19,"column":8},"end":{"line":19,"column":46}},"7":{"start":{"line":22,"column":8},"end":{"line":22,"column":64}},"8":{"start":{"line":25,"column":18},"end":{"line":25,"column":41}},"9":{"start":{"line":26,"column":8},"end":{"line":26,"column":53}},"10":{"start":{"line":26,"column":16},"end":{"line":26,"column":53}},"11":{"start":{"line":27,"column":21},"end":{"line":27,"column":49}},"12":{"start":{"line":28,"column":8},"end":{"line":28,"column":73}},"13":{"start":{"line":28,"column":22},"end":{"line":28,"column":73}},"14":{"start":{"line":29,"column":8},"end":{"line":29,"column":78}},"15":{"start":{"line":30,"column":8},"end":{"line":30,"column":33}}},"fnMap":{"0":{"name":"(anonymous_0)","decl":{"start":{"line":5,"column":4},"end":{"line":5,"column":5}},"loc":{"start":{"line":5,"column":26},"end":{"line":7,"column":5}},"line":5},"1":{"name":"(anonymous_1)","decl":{"start":{"line":8,"column":4},"end":{"line":8,"column":5}},"loc":{"start":{"line":8,"column":33},"end":{"line":10,"column":5}},"line":8},"2":{"name":"(anonymous_2)","decl":{"start":{"line":11,"column":4},"end":{"line":11,"column":5}},"loc":{"start":{"line":11,"column":23},"end":{"line":13,"column":5}},"line":11},"3":{"name":"(anonymous_3)","decl":{"start":{"line":14,"column":4},"end":{"line":14,"column":5}},"loc":{"start":{"line":14,"column":28},"end":{"line":17,"column":5}},"line":14},"4":{"name":"(anonymous_4)","decl":{"start":{"line":18,"column":4},"end":{"line":18,"column":5}},"loc":{"start":{"line":18,"column":21},"end":{"line":20,"column":5}},"line":18},"5":{"name":"(anonymous_5)","decl":{"start":{"line":21,"column":4},"end":{"line":21,"column":5}},"loc":{"start":{"line":21,"column":35},"end":{"line":23,"column":5}},"line":21},"6":{"name":"(anonymous_6)","decl":{"start":{"line":24,"column":4},"end":{"line":24,"column":5}},"loc":{"start":{"line":24,"column":46},"end":{"line":31,"column":5}},"line":24}},"branchMap":{"0":{"loc":{"start":{"line":24,"column":35},"end":{"line":24,"column":44}},"type":"default-arg","locations":[{"start":{"line":24,"column":43},"end":{"line":24,"column":44}}],"line":24},"1":{"loc":{"start":{"line":26,"column":8},"end":{"line":26,"column":53}},"type":"if","locations":[{"start":{"line":26,"column":8},"end":{"line":26,"column":53}},{"start":{},"end":{}}],"line":26},"2":{"loc":{"start":{"line":27,"column":22},"end":{"line":27,"column":40}},"type":"binary-expr","locations":[{"start":{"line":27,"column":22},"end":{"line":27,"column":35}},{"start":{"line":27,"column":39},"end":{"line":27,"column":40}}],"line":27},"3":{"loc":{"start":{"line":28,"column":8},"end":{"line":28,"column":73}},"type":"if","locations":[{"start":{"line":28,"column":8},"end":{"line":28,"column":73}},{"start":{},"end":{}}],"line":28}},"s":{"0":4,"1":5,"2":6,"3":14,"4":0,"5":0,"6":0,"7":0,"8":6,"9":6,"10":0,"11":6,"12":6,"13":0,"14":6,"15":6},"f":{"0":5,"1":6,"2":14,"3":0,"4":0,"5":0,"6":6},"b":{"0":[0],"1":[0,6],"2":[6,0],"3":[0,6]},"inputSourceMap":null,"_coverageSchema":"1a1c01bbd47fc00a2c39e90264f33305004495a9","hash":"78b2da0c1fa1a08df7858ddaaf82c5b03511d337"}
,"C:\\Users\\jonat\\Desktop\\WAD2\\WAD2_posscw_2526---Start\\models\\userModel.js": {"path":"C:\\Users\\jonat\\Desktop\\WAD2\\WAD2_posscw_2526---Start\\models\\userModel.js","statementMap":{"0":{"start":{"line":5,"column":19},"end":{"line":5,"column":21}},"1":{"start":{"line":7,"column":25},"end":{"line":32,"column":1}},"2":{"start":{"line":10,"column":8},"end":{"line":13,"column":9}},"3":{"start":{"line":11,"column":25},"end":{"line":11,"column":69}},"4":{"start":{"line":12,"column":12},"end":{"line":12,"column":63}},"5":{"start":{"line":14,"column":8},"end":{"line":14,"column":36}},"6":{"start":{"line":17,"column":8},"end":{"line":17,"column":42}},"7":{"start":{"line":20,"column":8},"end":{"line":20,"column":44}},"8":{"start":{"line":23,"column":8},"end":{"line":23,"column":32}},"9":{"start":{"line":26,"column":8},"end":{"line":26,"column":62}},"10":{"start":{"line":27,"column":8},"end":{"line":27,"column":33}},"11":{"start":{"line":30,"column":8},"end":{"line":30,"column":43}}},"fnMap":{"0":{"name":"(anonymous_0)","decl":{"start":{"line":8,"column":4},"end":{"line":8,"column":5}},"loc":{"start":{"line":8,"column":23},"end":{"line":15,"column":5}},"line":8},"1":{"name":"(anonymous_1)","decl":{"start":{"line":16,"column":4},"end":{"line":16,"column":5}},"loc":{"start":{"line":16,"column":29},"end":{"line":18,"column":5}},"line":16},"2":{"name":"(anonymous_2)","decl":{"start":{"line":19,"column":4},"end":{"line":19,"column":5}},"loc":{"start":{"line":19,"column":23},"end":{"line":21,"column":5}},"line":19},"3":{"name":"(anonymous_3)","decl":{"start":{"line":22,"column":4},"end":{"line":22,"column":5}},"loc":{"start":{"line":22,"column":20},"end":{"line":24,"column":5}},"line":22},"4":{"name":"(anonymous_4)","decl":{"start":{"line":25,"column":4},"end":{"line":25,"column":5}},"loc":{"start":{"line":25,"column":31},"end":{"line":28,"column":5}},"line":25},"5":{"name":"(anonymous_5)","decl":{"start":{"line":29,"column":4},"end":{"line":29,"column":5}},"loc":{"start":{"line":29,"column":21},"end":{"line":31,"column":5}},"line":29}},"branchMap":{"0":{"loc":{"start":{"line":10,"column":8},"end":{"line":13,"column":9}},"type":"if","locations":[{"start":{"line":10,"column":8},"end":{"line":13,"column":9}},{"start":{},"end":{}}],"line":10}},"s":{"0":4,"1":4,"2":5,"3":0,"4":0,"5":5,"6":0,"7":0,"8":0,"9":0,"10":0,"11":0},"f":{"0":5,"1":0,"2":0,"3":0,"4":0,"5":0},"b":{"0":[0,5]},"inputSourceMap":null,"_coverageSchema":"1a1c01bbd47fc00a2c39e90264f33305004495a9","hash":"6625d81d02530c6a2a607526f7791a16c880c719"}
,"C:\\Users\\jonat\\Desktop\\WAD2\\WAD2_posscw_2526---Start\\routes\\bookings.js": {"path":"C:\\Users\\jonat\\Desktop\\WAD2\\WAD2_posscw_2526---Start\\routes\\bookings.js","statementMap":{"0":{"start":{"line":6,"column":15},"end":{"line":6,"column":23}},"1":{"start":{"line":8,"column":0},"end":{"line":8,"column":35}},"2":{"start":{"line":9,"column":0},"end":{"line":9,"column":37}},"3":{"start":{"line":10,"column":0},"end":{"line":10,"column":44}}},"fnMap":{},"branchMap":{},"s":{"0":4,"1":4,"2":4,"3":4},"f":{},"b":{},"inputSourceMap":null,"_coverageSchema":"1a1c01bbd47fc00a2c39e90264f33305004495a9","hash":"23f4a130041e0bff77978da761e4c52016ea4a09"}
,"C:\\Users\\jonat\\Desktop\\WAD2\\WAD2_posscw_2526---Start\\routes\\courses.js": {"path":"C:\\Users\\jonat\\Desktop\\WAD2\\WAD2_posscw_2526---Start\\routes\\courses.js","statementMap":{"0":{"start":{"line":6,"column":15},"end":{"line":6,"column":23}},"1":{"start":{"line":9,"column":0},"end":{"line":12,"column":3}},"2":{"start":{"line":10,"column":18},"end":{"line":10,"column":42}},"3":{"start":{"line":11,"column":2},"end":{"line":11,"column":24}},"4":{"start":{"line":15,"column":0},"end":{"line":18,"column":3}},"5":{"start":{"line":16,"column":17},"end":{"line":16,"column":51}},"6":{"start":{"line":17,"column":2},"end":{"line":17,"column":35}},"7":{"start":{"line":21,"column":0},"end":{"line":26,"column":3}},"8":{"start":{"line":22,"column":17},"end":{"line":22,"column":58}},"9":{"start":{"line":23,"column":2},"end":{"line":23,"column":74}},"10":{"start":{"line":23,"column":15},"end":{"line":23,"column":74}},"11":{"start":{"line":24,"column":19},"end":{"line":24,"column":62}},"12":{"start":{"line":25,"column":2},"end":{"line":25,"column":33}}},"fnMap":{"0":{"name":"(anonymous_0)","decl":{"start":{"line":9,"column":16},"end":{"line":9,"column":17}},"loc":{"start":{"line":9,"column":36},"end":{"line":12,"column":1}},"line":9},"1":{"name":"(anonymous_1)","decl":{"start":{"line":15,"column":17},"end":{"line":15,"column":18}},"loc":{"start":{"line":15,"column":37},"end":{"line":18,"column":1}},"line":15},"2":{"name":"(anonymous_2)","decl":{"start":{"line":21,"column":19},"end":{"line":21,"column":20}},"loc":{"start":{"line":21,"column":39},"end":{"line":26,"column":1}},"line":21}},"branchMap":{"0":{"loc":{"start":{"line":23,"column":2},"end":{"line":23,"column":74}},"type":"if","locations":[{"start":{"line":23,"column":2},"end":{"line":23,"column":74}},{"start":{},"end":{}}],"line":23}},"s":{"0":4,"1":4,"2":1,"3":1,"4":4,"5":1,"6":1,"7":4,"8":1,"9":1,"10":0,"11":1,"12":1},"f":{"0":1,"1":1,"2":1},"b":{"0":[0,1]},"inputSourceMap":null,"_coverageSchema":"1a1c01bbd47fc00a2c39e90264f33305004495a9","hash":"6b4ae52d19effc73b6f315c9841c70fdea068dd1"}
,"C:\\Users\\jonat\\Desktop\\WAD2\\WAD2_posscw_2526---Start\\routes\\organiserRoutes.js": {"path":"C:\\Users\\jonat\\Desktop\\WAD2\\WAD2_posscw_2526---Start\\routes\\organiserRoutes.js","statementMap":{"0":{"start":{"line":6,"column":15},"end":{"line":6,"column":23}},"1":{"start":{"line":9,"column":0},"end":{"line":9,"column":37}},"2":{"start":{"line":11,"column":0},"end":{"line":11,"column":38}},"3":{"start":{"line":14,"column":0},"end":{"line":14,"column":53}},"4":{"start":{"line":15,"column":0},"end":{"line":15,"column":50}},"5":{"start":{"line":16,"column":0},"end":{"line":16,"column":59}},"6":{"start":{"line":17,"column":0},"end":{"line":17,"column":55}},"7":{"start":{"line":18,"column":0},"end":{"line":18,"column":64}},"8":{"start":{"line":21,"column":0},"end":{"line":21,"column":67}},"9":{"start":{"line":22,"column":0},"end":{"line":22,"column":64}},"10":{"start":{"line":23,"column":0},"end":{"line":23,"column":66}},"11":{"start":{"line":26,"column":0},"end":{"line":26,"column":63}},"12":{"start":{"line":29,"column":0},"end":{"line":29,"column":43}},"13":{"start":{"line":30,"column":0},"end":{"line":30,"column":58}},"14":{"start":{"line":31,"column":0},"end":{"line":31,"column":60}}},"fnMap":{},"branchMap":{},"s":{"0":4,"1":4,"2":4,"3":4,"4":4,"5":4,"6":4,"7":4,"8":4,"9":4,"10":4,"11":4,"12":4,"13":4,"14":4},"f":{},"b":{},"inputSourceMap":null,"_coverageSchema":"1a1c01bbd47fc00a2c39e90264f33305004495a9","hash":"c698833a130ff777aa6ce524855ed1aa02eff994"}
,"C:\\Users\\jonat\\Desktop\\WAD2\\WAD2_posscw_2526---Start\\routes\\sessions.js": {"path":"C:\\Users\\jonat\\Desktop\\WAD2\\WAD2_posscw_2526---Start\\routes\\sessions.js","statementMap":{"0":{"start":{"line":6,"column":15},"end":{"line":6,"column":23}},"1":{"start":{"line":8,"column":0},"end":{"line":11,"column":3}},"2":{"start":{"line":9,"column":18},"end":{"line":9,"column":76}},"3":{"start":{"line":10,"column":2},"end":{"line":10,"column":36}},"4":{"start":{"line":13,"column":0},"end":{"line":16,"column":3}},"5":{"start":{"line":14,"column":19},"end":{"line":14,"column":71}},"6":{"start":{"line":15,"column":2},"end":{"line":15,"column":25}},"7":{"start":{"line":19,"column":0},"end":{"line":19,"column":2}}},"fnMap":{"0":{"name":"(anonymous_0)","decl":{"start":{"line":8,"column":17},"end":{"line":8,"column":18}},"loc":{"start":{"line":8,"column":37},"end":{"line":11,"column":1}},"line":8},"1":{"name":"(anonymous_1)","decl":{"start":{"line":13,"column":35},"end":{"line":13,"column":36}},"loc":{"start":{"line":13,"column":55},"end":{"line":16,"column":1}},"line":13}},"branchMap":{},"s":{"0":4,"1":4,"2":1,"3":1,"4":4,"5":1,"6":1,"7":4},"f":{"0":1,"1":1},"b":{},"inputSourceMap":null,"_coverageSchema":"1a1c01bbd47fc00a2c39e90264f33305004495a9","hash":"78855809f46bf89ce2451f601c46d22a7a4d4f69"}
,"C:\\Users\\jonat\\Desktop\\WAD2\\WAD2_posscw_2526---Start\\routes\\userRoutes.js": {"path":"C:\\Users\\jonat\\Desktop\\WAD2\\WAD2_posscw_2526---Start\\routes\\userRoutes.js","statementMap":{"0":{"start":{"line":6,"column":15},"end":{"line":6,"column":23}},"1":{"start":{"line":8,"column":0},"end":{"line":8,"column":43}},"2":{"start":{"line":9,"column":0},"end":{"line":9,"column":53}},"3":{"start":{"line":10,"column":0},"end":{"line":10,"column":49}},"4":{"start":{"line":11,"column":0},"end":{"line":11,"column":52}},"5":{"start":{"line":12,"column":0},"end":{"line":12,"column":41}}},"fnMap":{},"branchMap":{},"s":{"0":4,"1":4,"2":4,"3":4,"4":4,"5":4},"f":{},"b":{},"inputSourceMap":null,"_coverageSchema":"1a1c01bbd47fc00a2c39e90264f33305004495a9","hash":"f082beb34b65ed20231973c27c8b9d72e02ea993"}
,"C:\\Users\\jonat\\Desktop\\WAD2\\WAD2_posscw_2526---Start\\routes\\views.js": {"path":"C:\\Users\\jonat\\Desktop\\WAD2\\WAD2_posscw_2526---Start\\routes\\views.js","statementMap":{"0":{"start":{"line":7,"column":15},"end":{"line":7,"column":23}},"1":{"start":{"line":9,"column":0},"end":{"line":9,"column":37}},"2":{"start":{"line":10,"column":0},"end":{"line":10,"column":43}},"3":{"start":{"line":11,"column":0},"end":{"line":11,"column":62}},"4":{"start":{"line":12,"column":0},"end":{"line":12,"column":56}},"5":{"start":{"line":13,"column":0},"end":{"line":13,"column":68}},"6":{"start":{"line":14,"column":0},"end":{"line":14,"column":70}},"7":{"start":{"line":15,"column":0},"end":{"line":15,"column":71}}},"fnMap":{},"branchMap":{},"s":{"0":4,"1":4,"2":4,"3":4,"4":4,"5":4,"6":4,"7":4},"f":{},"b":{},"inputSourceMap":null,"_coverageSchema":"1a1c01bbd47fc00a2c39e90264f33305004495a9","hash":"7d33cd2e47d8d8f345cbc5e973cb50051d72d681"}
,"C:\\Users\\jonat\\Desktop\\WAD2\\WAD2_posscw_2526---Start\\services\\bookingService.js": {"path":"C:\\Users\\jonat\\Desktop\\WAD2\\WAD2_posscw_2526---Start\\services\\bookingService.js","statementMap":{"0":{"start":{"line":6,"column":22},"end":{"line":7,"column":65}},"1":{"start":{"line":7,"column":2},"end":{"line":7,"column":65}},"2":{"start":{"line":7,"column":24},"end":{"line":7,"column":64}},"3":{"start":{"line":10,"column":17},"end":{"line":10,"column":53}},"4":{"start":{"line":11,"column":2},"end":{"line":11,"column":51}},"5":{"start":{"line":11,"column":15},"end":{"line":11,"column":51}},"6":{"start":{"line":12,"column":19},"end":{"line":12,"column":60}},"7":{"start":{"line":13,"column":2},"end":{"line":13,"column":71}},"8":{"start":{"line":13,"column":29},"end":{"line":13,"column":71}},"9":{"start":{"line":15,"column":15},"end":{"line":15,"column":26}},"10":{"start":{"line":16,"column":2},"end":{"line":20,"column":3}},"11":{"start":{"line":17,"column":4},"end":{"line":17,"column":26}},"12":{"start":{"line":19,"column":4},"end":{"line":19,"column":80}},"13":{"start":{"line":19,"column":30},"end":{"line":19,"column":80}},"14":{"start":{"line":22,"column":2},"end":{"line":28,"column":5}},"15":{"start":{"line":26,"column":36},"end":{"line":26,"column":41}},"16":{"start":{"line":32,"column":18},"end":{"line":32,"column":56}},"17":{"start":{"line":33,"column":2},"end":{"line":33,"column":53}},"18":{"start":{"line":33,"column":16},"end":{"line":33,"column":53}},"19":{"start":{"line":34,"column":17},"end":{"line":34,"column":61}},"20":{"start":{"line":35,"column":2},"end":{"line":35,"column":51}},"21":{"start":{"line":35,"column":15},"end":{"line":35,"column":51}},"22":{"start":{"line":37,"column":2},"end":{"line":41,"column":3}},"23":{"start":{"line":38,"column":16},"end":{"line":38,"column":64}},"24":{"start":{"line":39,"column":4},"end":{"line":39,"column":36}},"25":{"start":{"line":40,"column":4},"end":{"line":40,"column":14}},"26":{"start":{"line":43,"column":15},"end":{"line":43,"column":26}},"27":{"start":{"line":44,"column":2},"end":{"line":48,"column":3}},"28":{"start":{"line":45,"column":4},"end":{"line":45,"column":26}},"29":{"start":{"line":47,"column":4},"end":{"line":47,"column":60}},"30":{"start":{"line":50,"column":2},"end":{"line":56,"column":5}}},"fnMap":{"0":{"name":"(anonymous_0)","decl":{"start":{"line":6,"column":22},"end":{"line":6,"column":23}},"loc":{"start":{"line":7,"column":2},"end":{"line":7,"column":65}},"line":7},"1":{"name":"(anonymous_1)","decl":{"start":{"line":7,"column":17},"end":{"line":7,"column":18}},"loc":{"start":{"line":7,"column":24},"end":{"line":7,"column":64}},"line":7},"2":{"name":"bookCourseForUser","decl":{"start":{"line":9,"column":22},"end":{"line":9,"column":39}},"loc":{"start":{"line":9,"column":58},"end":{"line":29,"column":1}},"line":9},"3":{"name":"(anonymous_3)","decl":{"start":{"line":26,"column":29},"end":{"line":26,"column":30}},"loc":{"start":{"line":26,"column":36},"end":{"line":26,"column":41}},"line":26},"4":{"name":"bookSessionForUser","decl":{"start":{"line":31,"column":22},"end":{"line":31,"column":40}},"loc":{"start":{"line":31,"column":60},"end":{"line":57,"column":1}},"line":31}},"branchMap":{"0":{"loc":{"start":{"line":7,"column":25},"end":{"line":7,"column":43}},"type":"binary-expr","locations":[{"start":{"line":7,"column":25},"end":{"line":7,"column":38}},{"start":{"line":7,"column":42},"end":{"line":7,"column":43}}],"line":7},"1":{"loc":{"start":{"line":7,"column":48},"end":{"line":7,"column":63}},"type":"binary-expr","locations":[{"start":{"line":7,"column":48},"end":{"line":7,"column":58}},{"start":{"line":7,"column":62},"end":{"line":7,"column":63}}],"line":7},"2":{"loc":{"start":{"line":11,"column":2},"end":{"line":11,"column":51}},"type":"if","locations":[{"start":{"line":11,"column":2},"end":{"line":11,"column":51}},{"start":{},"end":{}}],"line":11},"3":{"loc":{"start":{"line":13,"column":2},"end":{"line":13,"column":71}},"type":"if","locations":[{"start":{"line":13,"column":2},"end":{"line":13,"column":71}},{"start":{},"end":{}}],"line":13},"4":{"loc":{"start":{"line":16,"column":2},"end":{"line":20,"column":3}},"type":"if","locations":[{"start":{"line":16,"column":2},"end":{"line":20,"column":3}},{"start":{"line":18,"column":9},"end":{"line":20,"column":3}}],"line":16},"5":{"loc":{"start":{"line":33,"column":2},"end":{"line":33,"column":53}},"type":"if","locations":[{"start":{"line":33,"column":2},"end":{"line":33,"column":53}},{"start":{},"end":{}}],"line":33},"6":{"loc":{"start":{"line":35,"column":2},"end":{"line":35,"column":51}},"type":"if","locations":[{"start":{"line":35,"column":2},"end":{"line":35,"column":51}},{"start":{},"end":{}}],"line":35},"7":{"loc":{"start":{"line":37,"column":2},"end":{"line":41,"column":3}},"type":"if","locations":[{"start":{"line":37,"column":2},"end":{"line":41,"column":3}},{"start":{},"end":{}}],"line":37},"8":{"loc":{"start":{"line":37,"column":6},"end":{"line":37,"column":59}},"type":"binary-expr","locations":[{"start":{"line":37,"column":6},"end":{"line":37,"column":25}},{"start":{"line":37,"column":29},"end":{"line":37,"column":59}}],"line":37},"9":{"loc":{"start":{"line":44,"column":2},"end":{"line":48,"column":3}},"type":"if","locations":[{"start":{"line":44,"column":2},"end":{"line":48,"column":3}},{"start":{"line":46,"column":9},"end":{"line":48,"column":3}}],"line":44},"10":{"loc":{"start":{"line":44,"column":7},"end":{"line":44,"column":31}},"type":"binary-expr","locations":[{"start":{"line":44,"column":7},"end":{"line":44,"column":26}},{"start":{"line":44,"column":30},"end":{"line":44,"column":31}}],"line":44},"11":{"loc":{"start":{"line":44,"column":37},"end":{"line":44,"column":58}},"type":"binary-expr","locations":[{"start":{"line":44,"column":37},"end":{"line":44,"column":53}},{"start":{"line":44,"column":57},"end":{"line":44,"column":58}}],"line":44}},"s":{"0":4,"1":1,"2":3,"3":1,"4":1,"5":0,"6":1,"7":1,"8":0,"9":1,"10":1,"11":0,"12":1,"13":3,"14":1,"15":3,"16":2,"17":2,"18":0,"19":2,"20":2,"21":0,"22":2,"23":0,"24":0,"25":0,"26":2,"27":2,"28":0,"29":2,"30":2},"f":{"0":1,"1":3,"2":1,"3":3,"4":2},"b":{"0":[3,0],"1":[3,0],"2":[0,1],"3":[0,1],"4":[0,1],"5":[0,2],"6":[0,2],"7":[0,2],"8":[2,0],"9":[0,2],"10":[2,0],"11":[2,0]},"inputSourceMap":null,"_coverageSchema":"1a1c01bbd47fc00a2c39e90264f33305004495a9","hash":"f32e9793d4d8ea3becf6b555f987196c866848a7"}
,"C:\\Users\\jonat\\Desktop\\WAD2\\WAD2_posscw_2526---Start\\tests\\helpers.js": {"path":"C:\\Users\\jonat\\Desktop\\WAD2\\WAD2_posscw_2526---Start\\tests\\helpers.js","statementMap":{"0":{"start":{"line":14,"column":2},"end":{"line":14,"column":17}},"1":{"start":{"line":15,"column":2},"end":{"line":20,"column":5}},"2":{"start":{"line":21,"column":2},"end":{"line":26,"column":5}},"3":{"start":{"line":31,"column":18},"end":{"line":35,"column":4}},"4":{"start":{"line":36,"column":21},"end":{"line":40,"column":4}},"5":{"start":{"line":42,"column":17},"end":{"line":52,"column":4}},"6":{"start":{"line":55,"column":13},"end":{"line":61,"column":4}},"7":{"start":{"line":63,"column":13},"end":{"line":69,"column":4}},"8":{"start":{"line":71,"column":2},"end":{"line":71,"column":73}},"9":{"start":{"line":73,"column":2},"end":{"line":73,"column":61}}},"fnMap":{"0":{"name":"resetDb","decl":{"start":{"line":13,"column":22},"end":{"line":13,"column":29}},"loc":{"start":{"line":13,"column":32},"end":{"line":27,"column":1}},"line":13},"1":{"name":"seedMinimal","decl":{"start":{"line":30,"column":22},"end":{"line":30,"column":33}},"loc":{"start":{"line":30,"column":36},"end":{"line":74,"column":1}},"line":30}},"branchMap":{},"s":{"0":4,"1":4,"2":4,"3":2,"4":2,"5":2,"6":2,"7":2,"8":2,"9":2},"f":{"0":4,"1":2},"b":{},"inputSourceMap":null,"_coverageSchema":"1a1c01bbd47fc00a2c39e90264f33305004495a9","hash":"e9954cd21aabe0ac425169313d7e7afc6f3ab793"}
}
