TN:
SF:index.js
FN:109,(anonymous_0)
FN:125,(anonymous_1)
FN:136,(anonymous_2)
FN:141,(anonymous_3)
FN:150,(anonymous_4)
FNF:5
FNH:3
FNDA:16,(anonymous_0)
FNDA:1,(anonymous_1)
FNDA:2,(anonymous_2)
FNDA:0,(anonymous_3)
FNDA:0,(anonymous_4)
DA:85,4
DA:86,4
DA:88,4
DA:91,4
DA:95,4
DA:96,4
DA:99,4
DA:100,4
DA:101,4
DA:104,4
DA:105,4
DA:106,4
DA:109,4
DA:110,16
DA:111,16
DA:112,0
DA:113,0
DA:114,0
DA:115,0
DA:116,0
DA:118,0
DA:121,16
DA:125,4
DA:128,4
DA:129,4
DA:130,4
DA:131,4
DA:132,4
DA:133,4
DA:136,4
DA:137,2
DA:141,4
DA:142,0
DA:143,0
DA:147,4
DA:148,0
DA:149,0
DA:150,0
DA:151,0
LF:39
LH:27
BRDA:111,0,0,0
BRDA:111,0,1,16
BRDA:147,1,0,0
BRDA:147,1,1,4
BRDA:149,2,0,0
BRDA:149,2,1,0
BRF:6
BRH:2
end_of_record
TN:
SF:loadEnv.js
FN:7,(anonymous_0)
FNF:1
FNH:1
FNDA:8,(anonymous_0)
DA:4,4
DA:6,4
DA:7,8
DA:9,4
DA:10,0
DA:11,0
DA:14,4
LF:7
LH:5
BRDA:9,0,0,0
BRDA:9,0,1,4
BRDA:14,1,0,4
BRDA:14,1,1,0
BRF:4
BRH:2
end_of_record
TN:
SF:auth\auth.js
FN:7,(anonymous_0)
FN:61,(anonymous_1)
FN:78,(anonymous_2)
FNF:3
FNH:0
FNDA:0,(anonymous_0)
FNDA:0,(anonymous_1)
FNDA:0,(anonymous_2)
DA:7,4
DA:8,0
DA:9,0
DA:10,0
DA:12,0
DA:13,0
DA:16,0
DA:18,0
DA:19,0
DA:20,0
DA:23,0
DA:24,0
DA:25,0
DA:28,0
DA:30,0
DA:31,0
DA:34,0
DA:36,0
DA:37,0
DA:38,0
DA:42,0
DA:43,0
DA:45,0
DA:52,0
DA:55,0
DA:56,0
DA:61,4
DA:62,0
DA:64,0
DA:65,0
DA:68,0
DA:69,0
DA:70,0
DA:71,0
DA:73,0
DA:78,4
DA:79,0
DA:80,0
DA:82,0
LF:39
LH:3
BRDA:12,0,0,0
BRDA:12,0,1,0
BRDA:12,1,0,0
BRDA:12,1,1,0
BRDA:18,2,0,0
BRDA:18,2,1,0
BRDA:23,3,0,0
BRDA:23,3,1,0
BRDA:23,4,0,0
BRDA:23,4,1,0
BRDA:30,5,0,0
BRDA:30,5,1,0
BRDA:36,6,0,0
BRDA:36,6,1,0
BRDA:64,7,0,0
BRDA:64,7,1,0
BRDA:79,8,0,0
BRDA:79,8,1,0
BRDA:79,9,0,0
BRDA:79,9,1,0
BRF:20
BRH:0
end_of_record
TN:
SF:controllers\bookingController.js
FN:9,(anonymous_0)
FN:20,(anonymous_1)
FN:33,(anonymous_2)
FNF:3
FNH:3
FNDA:1,(anonymous_0)
FNDA:2,(anonymous_1)
FNDA:1,(anonymous_2)
DA:9,4
DA:10,1
DA:11,1
DA:12,1
DA:13,1
DA:15,0
DA:16,0
DA:20,4
DA:21,2
DA:22,2
DA:23,2
DA:24,2
DA:26,0
DA:27,0
DA:33,4
DA:34,1
DA:35,1
DA:36,1
DA:37,1
DA:38,1
DA:40,1
DA:41,1
DA:42,1
DA:45,1
DA:46,1
DA:48,0
DA:49,0
LF:27
LH:21
BRDA:28,0,0,0
BRDA:28,0,1,0
BRDA:37,1,0,0
BRDA:37,1,1,1
BRDA:38,2,0,0
BRDA:38,2,1,1
BRDA:40,3,0,1
BRDA:40,3,1,0
BRF:8
BRH:3
end_of_record
TN:
SF:controllers\coursesListController.js
FN:5,(anonymous_0)
FN:14,(anonymous_1)
FN:26,(anonymous_2)
FN:48,(anonymous_3)
FN:54,(anonymous_4)
FN:73,(anonymous_5)
FN:120,buildLink
FNF:7
FNH:4
FNDA:2,(anonymous_0)
FNDA:1,(anonymous_1)
FNDA:1,(anonymous_2)
FNDA:0,(anonymous_3)
FNDA:0,(anonymous_4)
FNDA:1,(anonymous_5)
FNDA:0,buildLink
DA:5,4
DA:6,2
DA:14,4
DA:15,1
DA:26,4
DA:27,1
DA:35,1
DA:37,1
DA:38,1
DA:39,1
DA:40,1
DA:41,1
DA:43,1
DA:45,1
DA:46,1
DA:47,0
DA:49,0
DA:54,1
DA:55,0
DA:58,0
DA:61,0
DA:62,0
DA:65,1
DA:66,1
DA:67,1
DA:68,1
DA:69,1
DA:70,1
DA:72,1
DA:74,1
DA:75,1
DA:76,1
DA:93,1
DA:104,1
DA:116,0
DA:121,0
DA:124,0
DA:125,0
DA:126,0
DA:127,0
LF:40
LH:28
BRDA:6,0,0,2
BRDA:6,0,1,0
BRDA:15,1,0,1
BRDA:15,1,1,0
BRDA:33,2,0,1
BRDA:34,3,0,1
BRDA:38,4,0,0
BRDA:38,4,1,1
BRDA:39,5,0,0
BRDA:39,5,1,1
BRDA:40,6,0,0
BRDA:40,6,1,1
BRDA:41,7,0,0
BRDA:41,7,1,1
BRDA:45,8,0,1
BRDA:45,8,1,1
BRDA:46,9,0,0
BRDA:46,9,1,1
BRDA:49,10,0,0
BRDA:49,10,1,0
BRDA:55,11,0,0
BRDA:55,11,1,0
BRDA:58,12,0,0
BRDA:58,12,1,0
BRDA:61,13,0,0
BRDA:61,13,1,0
BRDA:62,14,0,0
BRDA:62,14,1,0
BRDA:62,15,0,0
BRDA:62,15,1,0
BRDA:65,16,0,1
BRDA:65,16,1,0
BRDA:66,17,0,1
BRDA:66,17,1,0
BRDA:84,18,0,1
BRDA:84,18,1,0
BRDA:87,19,0,1
BRDA:87,19,1,1
BRDA:88,20,0,0
BRDA:88,20,1,1
BRDA:100,21,0,0
BRDA:100,21,1,1
BRDA:101,22,0,0
BRDA:101,22,1,1
BRF:44
BRH:19
end_of_record
TN:
SF:controllers\organiserController.js
FN:7,(anonymous_0)
FN:20,(anonymous_1)
FN:33,(anonymous_2)
FN:49,(anonymous_3)
FN:71,(anonymous_4)
FN:92,(anonymous_5)
FN:113,(anonymous_6)
FN:124,(anonymous_7)
FN:141,(anonymous_8)
FN:158,(anonymous_9)
FN:168,(anonymous_10)
FN:175,(anonymous_11)
FN:197,(anonymous_12)
FN:201,(anonymous_13)
FN:218,(anonymous_14)
FN:235,(anonymous_15)
FNF:16
FNH:0
FNDA:0,(anonymous_0)
FNDA:0,(anonymous_1)
FNDA:0,(anonymous_2)
FNDA:0,(anonymous_3)
FNDA:0,(anonymous_4)
FNDA:0,(anonymous_5)
FNDA:0,(anonymous_6)
FNDA:0,(anonymous_7)
FNDA:0,(anonymous_8)
FNDA:0,(anonymous_9)
FNDA:0,(anonymous_10)
FNDA:0,(anonymous_11)
FNDA:0,(anonymous_12)
FNDA:0,(anonymous_13)
FNDA:0,(anonymous_14)
FNDA:0,(anonymous_15)
DA:7,4
DA:8,0
DA:20,4
DA:21,0
DA:22,0
DA:23,0
DA:28,0
DA:33,4
DA:34,0
DA:49,4
DA:50,0
DA:51,0
DA:52,0
DA:64,0
DA:66,0
DA:71,4
DA:72,0
DA:73,0
DA:74,0
DA:75,0
DA:87,0
DA:92,4
DA:93,0
DA:94,0
DA:95,0
DA:106,0
DA:108,0
DA:113,4
DA:114,0
DA:115,0
DA:116,0
DA:117,0
DA:119,0
DA:124,4
DA:125,0
DA:126,0
DA:127,0
DA:128,0
DA:136,0
DA:141,4
DA:142,0
DA:143,0
DA:144,0
DA:151,0
DA:153,0
DA:158,4
DA:159,0
DA:160,0
DA:161,0
DA:163,0
DA:168,4
DA:169,0
DA:170,0
DA:171,0
DA:173,0
DA:174,0
DA:176,0
DA:177,0
DA:186,0
DA:192,0
DA:197,4
DA:198,0
DA:199,0
DA:201,0
DA:208,0
DA:213,0
DA:218,4
DA:219,0
DA:221,0
DA:222,0
DA:227,0
DA:228,0
DA:230,0
DA:235,4
DA:236,0
DA:238,0
DA:239,0
DA:244,0
DA:245,0
DA:247,0
LF:80
LH:14
BRDA:8,0,0,0
BRDA:8,0,1,0
BRDA:61,1,0,0
BRDA:61,1,1,0
BRDA:74,2,0,0
BRDA:74,2,1,0
BRDA:104,3,0,0
BRDA:104,3,1,0
BRDA:127,4,0,0
BRDA:127,4,1,0
BRDA:148,5,0,0
BRDA:148,5,1,0
BRDA:171,6,0,0
BRDA:171,6,1,0
BRDA:178,7,0,0
BRDA:178,7,1,0
BRDA:179,8,0,0
BRDA:179,8,1,0
BRDA:221,9,0,0
BRDA:221,9,1,0
BRDA:238,10,0,0
BRDA:238,10,1,0
BRF:22
BRH:0
end_of_record
TN:
SF:controllers\userController.js
FN:4,(anonymous_0)
FN:8,(anonymous_1)
FN:14,(anonymous_2)
FN:18,(anonymous_3)
FN:46,(anonymous_4)
FNF:5
FNH:0
FNDA:0,(anonymous_0)
FNDA:0,(anonymous_1)
FNDA:0,(anonymous_2)
FNDA:0,(anonymous_3)
FNDA:0,(anonymous_4)
DA:4,4
DA:5,0
DA:8,4
DA:11,0
DA:14,4
DA:15,0
DA:18,4
DA:19,0
DA:21,0
DA:22,0
DA:28,0
DA:29,0
DA:30,0
DA:31,0
DA:37,0
DA:38,0
DA:39,0
DA:41,0
DA:42,0
DA:46,4
DA:47,0
LF:21
LH:5
BRDA:21,0,0,0
BRDA:21,0,1,0
BRDA:21,1,0,0
BRDA:21,1,1,0
BRDA:21,1,2,0
BRDA:30,2,0,0
BRDA:30,2,1,0
BRF:7
BRH:0
end_of_record
TN:
SF:controllers\viewsController.js
FN:10,(anonymous_0)
FN:20,(anonymous_1)
FN:27,(anonymous_2)
FN:31,(anonymous_3)
FN:56,(anonymous_4)
FN:66,(anonymous_5)
FN:98,(anonymous_6)
FN:110,(anonymous_7)
FN:124,(anonymous_8)
FN:147,(anonymous_9)
FNF:10
FNH:6
FNDA:5,(anonymous_0)
FNDA:4,(anonymous_1)
FNDA:1,(anonymous_2)
FNDA:1,(anonymous_3)
FNDA:2,(anonymous_4)
FNDA:2,(anonymous_5)
FNDA:0,(anonymous_6)
FNDA:0,(anonymous_7)
FNDA:0,(anonymous_8)
FNDA:0,(anonymous_9)
DA:10,4
DA:11,5
DA:20,4
DA:21,4
DA:27,4
DA:28,1
DA:29,1
DA:30,1
DA:32,1
DA:33,1
DA:34,1
DA:50,1
DA:52,0
DA:56,4
DA:57,2
DA:58,2
DA:59,2
DA:60,2
DA:61,1
DA:65,1
DA:66,2
DA:77,1
DA:94,0
DA:98,4
DA:99,0
DA:100,0
DA:101,0
DA:102,0
DA:104,0
DA:110,4
DA:111,0
DA:112,0
DA:113,0
DA:114,0
DA:117,0
DA:120,0
DA:124,4
DA:125,0
DA:126,0
DA:127,0
DA:128,0
DA:129,0
DA:133,0
DA:143,0
DA:147,4
DA:148,0
LF:46
LH:25
BRDA:40,0,0,1
BRDA:40,0,1,0
BRDA:41,1,0,1
BRDA:41,1,1,0
BRDA:42,2,0,1
BRDA:42,2,1,0
BRDA:45,3,0,1
BRDA:45,3,1,1
BRDA:46,4,0,0
BRDA:46,4,1,1
BRDA:60,5,0,1
BRDA:60,5,1,1
BRDA:71,6,0,2
BRDA:71,6,1,0
BRDA:72,7,0,2
BRDA:72,7,1,0
BRDA:72,8,0,2
BRDA:72,8,1,0
BRDA:85,9,0,1
BRDA:85,9,1,0
BRDA:86,10,0,1
BRDA:86,10,1,0
BRDA:88,11,0,1
BRDA:88,11,1,1
BRDA:89,12,0,0
BRDA:89,12,1,1
BRDA:117,13,0,0
BRDA:117,13,1,0
BRDA:128,14,0,0
BRDA:128,14,1,0
BRDA:138,15,0,0
BRDA:138,15,1,0
BRDA:139,16,0,0
BRDA:139,16,1,0
BRF:34
BRH:16
end_of_record
TN:
SF:models\_db.js
FN:31,initDb
FNF:1
FNH:1
FNDA:4,initDb
DA:7,4
DA:8,4
DA:11,4
DA:13,4
DA:17,4
DA:21,4
DA:25,4
DA:32,4
DA:34,4
DA:35,4
LF:10
LH:10
BRF:0
BRH:0
end_of_record
TN:
SF:models\bookingModel.js
FN:5,(anonymous_0)
FN:8,(anonymous_1)
FN:11,(anonymous_2)
FN:14,(anonymous_3)
FN:17,(anonymous_4)
FNF:5
FNH:3
FNDA:3,(anonymous_0)
FNDA:2,(anonymous_1)
FNDA:0,(anonymous_2)
FNDA:0,(anonymous_3)
FNDA:1,(anonymous_4)
DA:4,4
DA:6,3
DA:9,2
DA:12,0
DA:15,0
DA:18,1
DA:19,1
LF:7
LH:5
BRF:0
BRH:0
end_of_record
TN:
SF:models\courseModel.js
FN:5,(anonymous_0)
FN:8,(anonymous_1)
FN:11,(anonymous_2)
FN:14,(anonymous_3)
FN:18,(anonymous_4)
FNF:5
FNH:4
FNDA:3,(anonymous_0)
FNDA:8,(anonymous_1)
FNDA:3,(anonymous_2)
FNDA:2,(anonymous_3)
FNDA:0,(anonymous_4)
DA:4,4
DA:6,3
DA:9,8
DA:12,3
DA:15,2
DA:16,2
DA:19,0
LF:7
LH:6
BRDA:11,0,0,2
BRF:1
BRH:1
end_of_record
TN:
SF:models\sessionModel.js
FN:5,(anonymous_0)
FN:8,(anonymous_1)
FN:11,(anonymous_2)
FN:14,(anonymous_3)
FN:18,(anonymous_4)
FN:21,(anonymous_5)
FN:24,(anonymous_6)
FNF:7
FNH:4
FNDA:5,(anonymous_0)
FNDA:6,(anonymous_1)
FNDA:14,(anonymous_2)
FNDA:0,(anonymous_3)
FNDA:0,(anonymous_4)
FNDA:0,(anonymous_5)
FNDA:6,(anonymous_6)
DA:4,4
DA:6,5
DA:9,6
DA:12,14
DA:15,0
DA:16,0
DA:19,0
DA:22,0
DA:25,6
DA:26,6
DA:27,6
DA:28,6
DA:29,6
DA:30,6
LF:14
LH:10
BRDA:24,0,0,0
BRDA:26,1,0,0
BRDA:26,1,1,6
BRDA:27,2,0,6
BRDA:27,2,1,0
BRDA:28,3,0,0
BRDA:28,3,1,6
BRF:7
BRH:3
end_of_record
TN:
SF:models\userModel.js
FN:8,(anonymous_0)
FN:16,(anonymous_1)
FN:19,(anonymous_2)
FN:22,(anonymous_3)
FN:25,(anonymous_4)
FN:29,(anonymous_5)
FNF:6
FNH:1
FNDA:5,(anonymous_0)
FNDA:0,(anonymous_1)
FNDA:0,(anonymous_2)
FNDA:0,(anonymous_3)
FNDA:0,(anonymous_4)
FNDA:0,(anonymous_5)
DA:5,4
DA:7,4
DA:10,5
DA:11,0
DA:12,0
DA:14,5
DA:17,0
DA:20,0
DA:23,0
DA:26,0
DA:27,0
DA:30,0
LF:12
LH:4
BRDA:10,0,0,0
BRDA:10,0,1,5
BRF:2
BRH:1
end_of_record
TN:
SF:routes\bookings.js
FNF:0
FNH:0
DA:6,4
DA:8,4
DA:9,4
DA:10,4
LF:4
LH:4
BRF:0
BRH:0
end_of_record
TN:
SF:routes\courses.js
FN:9,(anonymous_0)
FN:15,(anonymous_1)
FN:21,(anonymous_2)
FNF:3
FNH:3
FNDA:1,(anonymous_0)
FNDA:1,(anonymous_1)
FNDA:1,(anonymous_2)
DA:6,4
DA:9,4
DA:10,1
DA:11,1
DA:15,4
DA:16,1
DA:17,1
DA:21,4
DA:22,1
DA:23,1
DA:24,1
DA:25,1
LF:12
LH:12
BRDA:23,0,0,0
BRDA:23,0,1,1
BRF:2
BRH:1
end_of_record
TN:
SF:routes\organiserRoutes.js
FNF:0
FNH:0
DA:6,4
DA:9,4
DA:11,4
DA:14,4
DA:15,4
DA:16,4
DA:17,4
DA:18,4
DA:21,4
DA:22,4
DA:23,4
DA:26,4
DA:29,4
DA:30,4
DA:31,4
LF:15
LH:15
BRF:0
BRH:0
end_of_record
TN:
SF:routes\sessions.js
FN:8,(anonymous_0)
FN:13,(anonymous_1)
FNF:2
FNH:2
FNDA:1,(anonymous_0)
FNDA:1,(anonymous_1)
DA:6,4
DA:8,4
DA:9,1
DA:10,1
DA:13,4
DA:14,1
DA:15,1
DA:19,4
LF:8
LH:8
BRF:0
BRH:0
end_of_record
TN:
SF:routes\userRoutes.js
FNF:0
FNH:0
DA:6,4
DA:8,4
DA:9,4
DA:10,4
DA:11,4
DA:12,4
LF:6
LH:6
BRF:0
BRH:0
end_of_record
TN:
SF:routes\views.js
FNF:0
FNH:0
DA:7,4
DA:9,4
DA:10,4
DA:11,4
DA:12,4
DA:13,4
DA:14,4
DA:15,4
LF:8
LH:8
BRF:0
BRH:0
end_of_record
TN:
SF:services\bookingService.js
FN:6,(anonymous_0)
FN:7,(anonymous_1)
FN:9,bookCourseForUser
FN:26,(anonymous_3)
FN:31,bookSessionForUser
FNF:5
FNH:5
FNDA:1,(anonymous_0)
FNDA:3,(anonymous_1)
FNDA:1,bookCourseForUser
FNDA:3,(anonymous_3)
FNDA:2,bookSessionForUser
DA:6,4
DA:7,3
DA:10,1
DA:11,1
DA:12,1
DA:13,1
DA:15,1
DA:16,1
DA:17,0
DA:19,3
DA:22,1
DA:26,3
DA:32,2
DA:33,2
DA:34,2
DA:35,2
DA:37,2
DA:38,0
DA:39,0
DA:40,0
DA:43,2
DA:44,2
DA:45,0
DA:47,2
DA:50,2
LF:25
LH:20
BRDA:7,0,0,3
BRDA:7,0,1,0
BRDA:7,1,0,3
BRDA:7,1,1,0
BRDA:11,2,0,0
BRDA:11,2,1,1
BRDA:13,3,0,0
BRDA:13,3,1,1
BRDA:16,4,0,0
BRDA:16,4,1,1
BRDA:33,5,0,0
BRDA:33,5,1,2
BRDA:35,6,0,0
BRDA:35,6,1,2
BRDA:37,7,0,0
BRDA:37,7,1,2
BRDA:37,8,0,2
BRDA:37,8,1,0
BRDA:44,9,0,0
BRDA:44,9,1,2
BRDA:44,10,0,2
BRDA:44,10,1,0
BRDA:44,11,0,2
BRDA:44,11,1,0
BRF:24
BRH:12
end_of_record
TN:
SF:tests\helpers.js
FN:13,resetDb
FN:30,seedMinimal
FNF:2
FNH:2
FNDA:4,resetDb
FNDA:2,seedMinimal
DA:14,4
DA:15,4
DA:21,4
DA:31,2
DA:36,2
DA:42,2
DA:55,2
DA:63,2
DA:71,2
DA:73,2
LF:10
LH:10
BRF:0
BRH:0
end_of_record
